#
# A fatal error has been detected by the Java Runtime Environment:
#
#  SIGSEGV (0xb) at pc=0x00007f3017ba8e2f, pid=3109, tid=139844497913600
#
# JRE version: OpenJDK Runtime Environment (8.0_74-b02) (build 1.8.0_74-b02)
# Java VM: OpenJDK 64-Bit Server VM (25.74-b02 mixed mode linux-amd64 compressed oops)
# Problematic frame:
# V  [libjvm.so+0x916e2f]
#
# Core dump written. Default location: /home/owner/Desktop/VisionReliever/core or core.3109
#
# If you would like to submit a bug report, please visit:
#   http://bugreport.java.com/bugreport/crash.jsp
#

---------------  T H R E A D  ---------------

Current thread (0x00007f301001f800):  GCTaskThread [stack: 0x00007f30158f3000,0x00007f30159f4000] [id=3112]

siginfo: si_signo: 11 (SIGSEGV), si_code: 1 (SEGV_MAPERR), si_addr: 0x0000000000000008

Registers:
RAX=0x0000000000000001, RBX=0x00000000d700fec0, RCX=0x0000000000000003, RDX=0x00007f301818bc20
RSP=0x00007f30159f2c40, RBP=0x00007f30159f2cc0, RSI=0x00000000d700fec0, RDI=0x0000000000000000
R8 =0x0000000000000000, R9 =0x00007f3010073818, R10=0x0000000000000001, R11=0x00007f30181b38b0
R12=0x0000000000000000, R13=0x00007f3010073780, R14=0x0000000000000000, R15=0x00007f30181a9888
RIP=0x00007f3017ba8e2f, EFLAGS=0x0000000000010246, CSGSFS=0x0000000000000033, ERR=0x0000000000000004
  TRAPNO=0x000000000000000e

Top of Stack: (sp=0x00007f30159f2c40)
0x00007f30159f2c40:   00007f30159f2cc0 00007f3017ba80f5
0x00007f30159f2c50:   00000000d8c30020 0000000100000090
0x00007f30159f2c60:   00007f30181b38b0 00000000d8d0d100
0x00007f30159f2c70:   00000000d8d08020 0000000000001000
0x00007f30159f2c80:   00007f30159f2cb0 d9411e6890869000
0x00007f30159f2c90:   0000000000000000 00007f3010073780
0x00007f30159f2ca0:   00000000d8bf7a48 00007f301818bc30
0x00007f30159f2cb0:   0000000000000000 00007f30181a9888
0x00007f30159f2cc0:   00007f30159f2d30 00007f3017ba89b8
0x00007f30159f2cd0:   00007f30159f2cf0 00007f30100737e8
0x00007f30159f2ce0:   0000000000000000 0000000100000028
0x00007f30159f2cf0:   00007f30159f2d30 00007f30176c279b
0x00007f30159f2d00:   00007f301001f800 00007f3010073780
0x00007f30159f2d10:   00007f2fd410fcf0 00007f3017d73079
0x00007f30159f2d20:   00007f301001f800 00007f30181a9888
0x00007f30159f2d30:   00007f30159f2e00 00007f3017bacd2a
0x00007f30159f2d40:   00007f30159f2d80 00007f3017cef5c9
0x00007f30159f2d50:   00007f30180f3158 00007f30159f2d00
0x00007f30159f2d60:   00007f3010073780 00007f3010025c70
0x00007f30159f2d70:   00007f30180f31d0 00007f30181a9800
0x00007f30159f2d80:   00007f3010073780 00007f3017bacc3b
0x00007f30159f2d90:   00007f30180f31b8 00007f3017c87200
0x00007f30159f2da0:   00007f30180f3188 00007f301001d700
0x00007f30159f2db0:   00007f3010073780 0000000000000000
0x00007f30159f2dc0:   00007f301001d750 d9411e6890869000
0x00007f30159f2dd0:   00007f30159f2e00 0000000000000001
0x00007f30159f2de0:   00007f2fd410fcf0 00007f3017d73079
0x00007f30159f2df0:   00007f301001f800 00007f30181a9888
0x00007f30159f2e00:   00007f30159f2f10 00007f3017834ae2
0x00007f30159f2e10:   00000000000003d8 00007f30100204e8
0x00007f30159f2e20:   00007f3010020110 00007f30159f2ea0
0x00007f30159f2e30:   00007f30100200c0 00007f3010020100 

Instructions: (pc=0x00007f3017ba8e2f)
0x00007f3017ba8e0f:   03 0f 84 4a 02 00 00 48 8d 05 cc 0c 60 00 49 89
0x00007f3017ba8e1f:   fd 0f b6 00 84 c0 0f 85 e5 02 00 00 48 8b 7e 08
0x00007f3017ba8e2f:   8b 4f 08 83 f9 00 0f 8e 35 04 00 00 f6 c1 01 0f
0x00007f3017ba8e3f:   85 3c 04 00 00 c1 f9 03 41 f6 c4 01 4c 63 f1 4c 

Register to memory mapping:

RAX=0x0000000000000001 is an unknown value
RBX=0x00000000d700fec0 is an unknown value
RCX=0x0000000000000003 is an unknown value
RDX=0x00007f301818bc20: <offset 0xef9c20> in /usr/lib/jvm/java-8-openjdk/jre/lib/amd64/server/libjvm.so at 0x00007f3017292000
RSP=0x00007f30159f2c40 is an unknown value
RBP=0x00007f30159f2cc0 is an unknown value
RSI=0x00000000d700fec0 is an unknown value
RDI=0x0000000000000000 is an unknown value
R8 =0x0000000000000000 is an unknown value
R9 =0x00007f3010073818 is an unknown value
R10=0x0000000000000001 is an unknown value
R11=0x00007f30181b38b0: <offset 0xf218b0> in /usr/lib/jvm/java-8-openjdk/jre/lib/amd64/server/libjvm.so at 0x00007f3017292000
R12=0x0000000000000000 is an unknown value
R13=0x00007f3010073780 is an unknown value
R14=0x0000000000000000 is an unknown value
R15=0x00007f30181a9888: <offset 0xf17888> in /usr/lib/jvm/java-8-openjdk/jre/lib/amd64/server/libjvm.so at 0x00007f3017292000


Stack: [0x00007f30158f3000,0x00007f30159f4000],  sp=0x00007f30159f2c40,  free space=1023k
Native frames: (J=compiled Java code, j=interpreted, Vv=VM code, C=native code)
V  [libjvm.so+0x916e2f]
V  [libjvm.so+0x9169b8]
V  [libjvm.so+0x91ad2a]
V  [libjvm.so+0x5a2ae2]
V  [libjvm.so+0x8a5f42]


---------------  P R O C E S S  ---------------

Java Threads: ( => current thread )
  0x00007f2f7c005000 JavaThread "Unknown thread" [_thread_blocked, id=3151, stack(0x00007f2f8affc000,0x00007f2f8b7fd000)]
  0x00007f2fa01ea800 JavaThread "JFXMedia Player EventQueueThread" daemon [_thread_blocked, id=3148, stack(0x00007f2fa6450000,0x00007f2fa6551000)]
  0x00007f2fb8132800 JavaThread "JavaFX Application Thread" [_thread_blocked, id=3145, stack(0x00007f2fac2e2000,0x00007f2fac3e3000)]
  0x00007f2fb812e800 JavaThread "Thread-2" daemon [_thread_blocked, id=3144, stack(0x00007f2fc406f000,0x00007f2fc4170000)]
  0x00007f2fb8053800 JavaThread "QuantumRenderer-0" daemon [_thread_blocked, id=3141, stack(0x00007f2fc7a1f000,0x00007f2fc7b20000)]
  0x00007f30101df800 JavaThread "JavaFX-Launcher" [_thread_blocked, id=3140, stack(0x00007f2fc7b20000,0x00007f2fc7c21000)]
  0x00007f301013a000 JavaThread "Monitor Ctrl-Break" daemon [_thread_in_native, id=3130, stack(0x00007f2fc7e69000,0x00007f2fc7f6a000)]
  0x00007f30100c7000 JavaThread "Service Thread" daemon [_thread_blocked, id=3122, stack(0x00007f2ffc118000,0x00007f2ffc219000)]
  0x00007f30100bb800 JavaThread "C1 CompilerThread2" daemon [_thread_blocked, id=3121, stack(0x00007f2ffc219000,0x00007f2ffc31a000)]
  0x00007f30100ba000 JavaThread "C2 CompilerThread1" daemon [_thread_blocked, id=3120, stack(0x00007f2ffc31a000,0x00007f2ffc41b000)]
  0x00007f30100b7000 JavaThread "C2 CompilerThread0" daemon [_thread_blocked, id=3119, stack(0x00007f2ffc41b000,0x00007f2ffc51c000)]
  0x00007f30100b5800 JavaThread "Signal Dispatcher" daemon [_thread_blocked, id=3118, stack(0x00007f2ffc51c000,0x00007f2ffc61d000)]
  0x00007f3010082800 JavaThread "Finalizer" daemon [_thread_blocked, id=3117, stack(0x00007f2ffc7b5000,0x00007f2ffc8b6000)]
  0x00007f301007e000 JavaThread "Reference Handler" daemon [_thread_blocked, id=3116, stack(0x00007f2ffc8b6000,0x00007f2ffc9b7000)]
  0x00007f3010008800 JavaThread "main" [_thread_blocked, id=3110, stack(0x00007f3018e8d000,0x00007f3018f8e000)]

Other Threads:
  0x00007f3010076800 VMThread [stack: 0x00007f2ffc9b7000,0x00007f2ffcab8000] [id=3115]
  0x00007f30100c9800 WatcherThread [stack: 0x00007f2ffc017000,0x00007f2ffc118000] [id=3123]

=>0x00007f301001f800 (exited) GCTaskThread [stack: 0x00007f30158f3000,0x00007f30159f4000] [id=3112]

VM state:at safepoint (normal execution)

VM Mutex/Monitor currently owned by a thread:  ([mutex/lock_event])
[0x00007f30100068c0] Threads_lock - owner thread: 0x00007f3010076800
[0x00007f3010006dc0] Heap_lock - owner thread: 0x00007f2f7c005000

Heap:
 PSYoungGen      total 37888K, used 32768K [0x00000000d6980000, 0x00000000d9380000, 0x0000000100000000)
  eden space 32768K, 100% used [0x00000000d6980000,0x00000000d8980000,0x00000000d8980000)
  from space 5120K, 0% used [0x00000000d8e80000,0x00000000d8e80000,0x00000000d9380000)
  to   space 5120K, 71% used [0x00000000d8980000,0x00000000d8d10020,0x00000000d8e80000)
 ParOldGen       total 86016K, used 72K [0x0000000083c00000, 0x0000000089000000, 0x00000000d6980000)
  object space 86016K, 0% used [0x0000000083c00000,0x0000000083c12010,0x0000000089000000)
 Metaspace       used 12133K, capacity 12574K, committed 12672K, reserved 1060864K
  class space    used 1468K, capacity 1572K, committed 1664K, reserved 1048576K

Card table byte_map: [0x00007f3015d8c000,0x00007f301616f000] byte_map_base: 0x00007f301596e000

Marking Bits: (ParMarkBitMap*) 0x00007f30181b3400
 Begin Bits: [0x00007f2ffd1e0000, 0x00007f2fff0f0000)
 End Bits:   [0x00007f2fff0f0000, 0x00007f3001000000)

Polling page: 0x00007f3018fd4000

CodeCache: size=245760Kb used=2861Kb max_used=2861Kb free=242898Kb
 bounds [0x00007f3001000000, 0x00007f30012d0000, 0x00007f3010000000]
 total_blobs=1224 nmethods=735 adapters=404
 compilation: enabled

Compilation events (10 events):
Event: 0.509 Thread 0x00007f30100bb800 nmethod 731 0x00007f30012c6250 code [0x00007f30012c63c0, 0x00007f30012c6610]
Event: 0.510 Thread 0x00007f30100bb800  732       1       com.sun.media.jfxmedia.MediaError::code (5 bytes)
Event: 0.510 Thread 0x00007f30100bb800 nmethod 732 0x00007f30012c5f90 code [0x00007f30012c60e0, 0x00007f30012c61f0]
Event: 0.510 Thread 0x00007f30100bb800  733       3       java.lang.Integer::valueOf (32 bytes)
Event: 0.511 Thread 0x00007f30100bb800 nmethod 733 0x00007f30012c8dd0 code [0x00007f30012c8f60, 0x00007f30012c92b0]
Event: 0.523 Thread 0x00007f30100bb800  734  s    3       java.util.Vector::elementAt (48 bytes)
Event: 0.523 Thread 0x00007f30100bb800 nmethod 734 0x00007f30012cacd0 code [0x00007f30012caee0, 0x00007f30012cbaa8]
Event: 0.538 Thread 0x00007f30100bb800  735       1       java.nio.Buffer::position (5 bytes)
Event: 0.538 Thread 0x00007f30100bb800 nmethod 735 0x00007f30012cc250 code [0x00007f30012cc3a0, 0x00007f30012cc4b0]
Event: 0.539 Thread 0x00007f30100b7000  736       4       sun.net.www.ParseUtil::encodePath (336 bytes)

GC Heap History (1 events):
Event: 0.539 GC heap before
{Heap before GC invocations=1 (full 0):
 PSYoungGen      total 37888K, used 32768K [0x00000000d6980000, 0x00000000d9380000, 0x0000000100000000)
  eden space 32768K, 100% used [0x00000000d6980000,0x00000000d8980000,0x00000000d8980000)
  from space 5120K, 0% used [0x00000000d8e80000,0x00000000d8e80000,0x00000000d9380000)
  to   space 5120K, 0% used [0x00000000d8980000,0x00000000d8980000,0x00000000d8e80000)
 ParOldGen       total 86016K, used 0K [0x0000000083c00000, 0x0000000089000000, 0x00000000d6980000)
  object space 86016K, 0% used [0x0000000083c00000,0x0000000083c00000,0x0000000089000000)
 Metaspace       used 12133K, capacity 12574K, committed 12672K, reserved 1060864K
  class space    used 1468K, capacity 1572K, committed 1664K, reserved 1048576K

Deoptimization events (6 events):
Event: 0.289 Thread 0x00007f2fb8132800 Uncommon trap: reason=unstable_if action=reinterpret pc=0x00007f30011a366c method=java.lang.String.replace(CC)Ljava/lang/String; @ 2
Event: 0.376 Thread 0x00007f2fb8132800 Uncommon trap: reason=unstable_if action=reinterpret pc=0x00007f300123f9f0 method=java.io.BufferedInputStream.read()I @ 8
Event: 0.390 Thread 0x00007f2fb8132800 Uncommon trap: reason=unstable_if action=reinterpret pc=0x00007f3001254d9c method=java.util.HashMap.getNode(ILjava/lang/Object;)Ljava/util/HashMap$Node; @ 84
Event: 0.390 Thread 0x00007f2fb8132800 Uncommon trap: reason=unstable_if action=reinterpret pc=0x00007f3001247dec method=java.util.HashMap.getNode(ILjava/lang/Object;)Ljava/util/HashMap$Node; @ 84
Event: 0.485 Thread 0x00007f2fb8132800 Uncommon trap: reason=unstable_if action=reinterpret pc=0x00007f300128ec74 method=java.lang.AbstractStringBuilder.append(Ljava/lang/String;)Ljava/lang/AbstractStringBuilder; @ 1
Event: 0.485 Thread 0x00007f2fb8132800 Uncommon trap: reason=unstable_if action=reinterpret pc=0x00007f3001202310 method=java.lang.AbstractStringBuilder.append(Ljava/lang/String;)Ljava/lang/AbstractStringBuilder; @ 1

Internal exceptions (10 events):
Event: 0.334 Thread 0x00007f2fb8132800 Exception <a 'java/lang/NullPointerException'> (0x00000000d78a9cc0) thrown at [/build/java8-openjdk/src/jdk8u-jdk8u74-b02/hotspot/src/share/vm/interpreter/linkResolver.cpp, line 1178]
Event: 0.334 Thread 0x00007f2fb8132800 Exception <a 'java/lang/NullPointerException'> (0x00000000d78a9cc0) thrown at [/build/java8-openjdk/src/jdk8u-jdk8u74-b02/hotspot/src/share/vm/prims/jvm.cpp, line 1390]
Event: 0.418 Thread 0x00007f2fb8132800 Exception <a 'java/lang/ArrayIndexOutOfBoundsException': 70> (0x00000000d7e86af8) thrown at [/build/java8-openjdk/src/jdk8u-jdk8u74-b02/hotspot/src/share/vm/interpreter/interpreterRuntime.cpp, line 366]
Event: 0.418 Thread 0x00007f2fb8132800 Exception <a 'java/lang/ArrayIndexOutOfBoundsException': 18> (0x00000000d7e879b0) thrown at [/build/java8-openjdk/src/jdk8u-jdk8u74-b02/hotspot/src/share/vm/interpreter/interpreterRuntime.cpp, line 366]
Event: 0.418 Thread 0x00007f2fb8132800 Exception <a 'java/lang/ArrayIndexOutOfBoundsException': 86> (0x00000000d7e88d58) thrown at [/build/java8-openjdk/src/jdk8u-jdk8u74-b02/hotspot/src/share/vm/interpreter/interpreterRuntime.cpp, line 366]
Event: 0.419 Thread 0x00007f2fb8132800 Exception <a 'java/lang/ArrayIndexOutOfBoundsException': 66> (0x00000000d7e8af88) thrown at [/build/java8-openjdk/src/jdk8u-jdk8u74-b02/hotspot/src/share/vm/interpreter/interpreterRuntime.cpp, line 366]
Event: 0.422 Thread 0x00007f2fb8132800 Exception <a 'java/lang/ArrayIndexOutOfBoundsException'> (0x00000000d7e97c88) thrown at [/build/java8-openjdk/src/jdk8u-jdk8u74-b02/hotspot/src/share/vm/runtime/sharedRuntime.cpp, line 605]
Event: 0.485 Thread 0x00007f2fb8132800 Implicit null exception at 0x00007f300128e8f3 to 0x00007f300128ec61
Event: 0.485 Thread 0x00007f2fb8132800 Implicit null exception at 0x00007f3001201fb5 to 0x00007f30012022fd
Event: 0.501 Thread 0x00007f2fb8132800 Exception <a 'java/lang/NullPointerException'> (0x00000000d82bb130) thrown at [/build/java8-openjdk/src/jdk8u-jdk8u74-b02/hotspot/src/share/vm/interpreter/linkResolver.cpp, line 1280]

Events (10 events):
Event: 0.539 loading class javafx/scene/media/MediaPlayer$_BufferListener done
Event: 0.539 loading class javafx/scene/media/MediaPlayer$_MarkerListener
Event: 0.539 loading class javafx/scene/media/MediaPlayer$_MarkerListener done
Event: 0.539 loading class javafx/scene/media/MediaMarkerEvent
Event: 0.539 loading class javafx/scene/media/MediaMarkerEvent done
Event: 0.539 loading class javafx/scene/media/MediaPlayer$_SpectrumListener
Event: 0.539 loading class javafx/scene/media/MediaPlayer$_SpectrumListener done
Event: 0.539 loading class javafx/scene/media/MediaPlayer$RendererListener
Event: 0.539 loading class javafx/scene/media/MediaPlayer$RendererListener done
Event: 0.539 Executing VM operation: ParallelGCFailedAllocation


Dynamic libraries:
00400000-00401000 r-xp 00000000 08:02 3409746                            /usr/lib/jvm/java-8-openjdk/jre/bin/java
00600000-00601000 rw-p 00000000 08:02 3409746                            /usr/lib/jvm/java-8-openjdk/jre/bin/java
00c05000-00c26000 rw-p 00000000 00:00 0                                  [heap]
83c00000-89000000 rw-p 00000000 00:00 0 
89000000-d6980000 ---p 00000000 00:00 0 
d6980000-d9380000 rw-p 00000000 00:00 0 
d9380000-100000000 ---p 00000000 00:00 0 
100000000-1001a0000 rw-p 00000000 00:00 0 
1001a0000-140000000 ---p 00000000 00:00 0 
7f2f7c000000-7f2f7c022000 rw-p 00000000 00:00 0 
7f2f7c022000-7f2f80000000 ---p 00000000 00:00 0 
7f2f84000000-7f2f84022000 rw-p 00000000 00:00 0 
7f2f84022000-7f2f88000000 ---p 00000000 00:00 0 
7f2f8affc000-7f2f8afff000 ---p 00000000 00:00 0 
7f2f8afff000-7f2f8b7fd000 rw-p 00000000 00:00 0                          [stack:3151]
7f2f8b7fd000-7f2f8b7fe000 ---p 00000000 00:00 0 
7f2f8b7fe000-7f2f8bffe000 rw-p 00000000 00:00 0                          [stack:3150]
7f2f8bffe000-7f2f8ffff000 rw-s 00000000 00:13 5                          /dev/shm/pulse-shm-3990847570
7f2f8ffff000-7f2f94000000 rw-s 00000000 00:13 14                         /dev/shm/pulse-shm-3609648179
7f2f94000000-7f2f94021000 rw-p 00000000 00:00 0 
7f2f94021000-7f2f98000000 ---p 00000000 00:00 0 
7f2f98000000-7f2f98021000 rw-p 00000000 00:00 0 
7f2f98021000-7f2f9c000000 ---p 00000000 00:00 0 
7f2f9c000000-7f2f9c022000 rw-p 00000000 00:00 0 
7f2f9c022000-7f2fa0000000 ---p 00000000 00:00 0 
7f2fa0000000-7f2fa0214000 rw-p 00000000 00:00 0 
7f2fa0214000-7f2fa4000000 ---p 00000000 00:00 0 
7f2fa409e000-7f2fa409f000 ---p 00000000 00:00 0 
7f2fa409f000-7f2fa489f000 rw-p 00000000 00:00 0                          [stack:3149]
7f2fa489f000-7f2fa48b4000 r-xp 00000000 08:02 2497737                    /usr/lib/libnsl-2.23.so
7f2fa48b4000-7f2fa4ab3000 ---p 00015000 08:02 2497737                    /usr/lib/libnsl-2.23.so
7f2fa4ab3000-7f2fa4ab4000 r--p 00014000 08:02 2497737                    /usr/lib/libnsl-2.23.so
7f2fa4ab4000-7f2fa4ab5000 rw-p 00015000 08:02 2497737                    /usr/lib/libnsl-2.23.so
7f2fa4ab5000-7f2fa4ab7000 rw-p 00000000 00:00 0 
7f2fa4ab7000-7f2fa4b48000 r-xp 00000000 08:02 2509274                    /usr/lib/libvorbisenc.so.2.0.11
7f2fa4b48000-7f2fa4d47000 ---p 00091000 08:02 2509274                    /usr/lib/libvorbisenc.so.2.0.11
7f2fa4d47000-7f2fa4d69000 r--p 00090000 08:02 2509274                    /usr/lib/libvorbisenc.so.2.0.11
7f2fa4d69000-7f2fa4d6a000 rw-p 000b2000 08:02 2509274                    /usr/lib/libvorbisenc.so.2.0.11
7f2fa4d6a000-7f2fa4dde000 r-xp 00000000 08:02 2508054                    /usr/lib/libFLAC.so.8.3.0
7f2fa4dde000-7f2fa4fde000 ---p 00074000 08:02 2508054                    /usr/lib/libFLAC.so.8.3.0
7f2fa4fde000-7f2fa4fdf000 r--p 00074000 08:02 2508054                    /usr/lib/libFLAC.so.8.3.0
7f2fa4fdf000-7f2fa4fe0000 rw-p 00075000 08:02 2508054                    /usr/lib/libFLAC.so.8.3.0
7f2fa4fe0000-7f2fa4ff1000 r-xp 00000000 08:02 2495936                    /usr/lib/liblz4.so.1.7.1
7f2fa4ff1000-7f2fa51f0000 ---p 00011000 08:02 2495936                    /usr/lib/liblz4.so.1.7.1
7f2fa51f0000-7f2fa51f1000 r--p 00010000 08:02 2495936                    /usr/lib/liblz4.so.1.7.1
7f2fa51f1000-7f2fa51f2000 rw-p 00011000 08:02 2495936                    /usr/lib/liblz4.so.1.7.1
7f2fa51f2000-7f2fa5217000 r-xp 00000000 08:02 2495937                    /usr/lib/liblzma.so.5.2.2
7f2fa5217000-7f2fa5416000 ---p 00025000 08:02 2495937                    /usr/lib/liblzma.so.5.2.2
7f2fa5416000-7f2fa5417000 r--p 00024000 08:02 2495937                    /usr/lib/liblzma.so.5.2.2
7f2fa5417000-7f2fa5418000 rw-p 00025000 08:02 2495937                    /usr/lib/liblzma.so.5.2.2
7f2fa5418000-7f2fa541d000 r-xp 00000000 08:02 2508414                    /usr/lib/libasyncns.so.0.3.1
7f2fa541d000-7f2fa561c000 ---p 00005000 08:02 2508414                    /usr/lib/libasyncns.so.0.3.1
7f2fa561c000-7f2fa561d000 r--p 00004000 08:02 2508414                    /usr/lib/libasyncns.so.0.3.1
7f2fa561d000-7f2fa561e000 rw-p 00005000 08:02 2508414                    /usr/lib/libasyncns.so.0.3.1
7f2fa561e000-7f2fa5691000 r-xp 00000000 08:02 2501632                    /usr/lib/libsndfile.so.1.0.26
7f2fa5691000-7f2fa5890000 ---p 00073000 08:02 2501632                    /usr/lib/libsndfile.so.1.0.26
7f2fa5890000-7f2fa5892000 r--p 00072000 08:02 2501632                    /usr/lib/libsndfile.so.1.0.26
7f2fa5892000-7f2fa5893000 rw-p 00074000 08:02 2501632                    /usr/lib/libsndfile.so.1.0.26
7f2fa5893000-7f2fa5895000 rw-p 00000000 00:00 0 
7f2fa5895000-7f2fa5916000 r-xp 00000000 08:02 2491645                    /usr/lib/libsystemd.so.0.14.0
7f2fa5916000-7f2fa5919000 r--p 00080000 08:02 2491645                    /usr/lib/libsystemd.so.0.14.0
7f2fa5919000-7f2fa591a000 rw-p 00083000 08:02 2491645                    /usr/lib/libsystemd.so.0.14.0
7f2fa591a000-7f2fa591b000 rw-p 00000000 00:00 0 
7f2fa591b000-7f2fa5969000 r-xp 00000000 08:02 2496120                    /usr/lib/libdbus-1.so.3.14.6
7f2fa5969000-7f2fa5b69000 ---p 0004e000 08:02 2496120                    /usr/lib/libdbus-1.so.3.14.6
7f2fa5b69000-7f2fa5b6a000 r--p 0004e000 08:02 2496120                    /usr/lib/libdbus-1.so.3.14.6
7f2fa5b6a000-7f2fa5b6b000 rw-p 0004f000 08:02 2496120                    /usr/lib/libdbus-1.so.3.14.6
7f2fa5b6b000-7f2fa5b6c000 rw-p 00000000 00:00 0 
7f2fa5b6c000-7f2fa5b76000 r-xp 00000000 08:02 2508739                    /usr/lib/libjson-c.so.2.0.1
7f2fa5b76000-7f2fa5d75000 ---p 0000a000 08:02 2508739                    /usr/lib/libjson-c.so.2.0.1
7f2fa5d75000-7f2fa5d76000 r--p 00009000 08:02 2508739                    /usr/lib/libjson-c.so.2.0.1
7f2fa5d76000-7f2fa5d77000 rw-p 0000a000 08:02 2508739                    /usr/lib/libjson-c.so.2.0.1
7f2fa5d77000-7f2fa5df5000 r-xp 00000000 08:02 3298824                    /usr/lib/pulseaudio/libpulsecommon-8.0.so
7f2fa5df5000-7f2fa5ff5000 ---p 0007e000 08:02 3298824                    /usr/lib/pulseaudio/libpulsecommon-8.0.so
7f2fa5ff5000-7f2fa5ff6000 r--p 0007e000 08:02 3298824                    /usr/lib/pulseaudio/libpulsecommon-8.0.so
7f2fa5ff6000-7f2fa5ff8000 rw-p 0007f000 08:02 3298824                    /usr/lib/pulseaudio/libpulsecommon-8.0.so
7f2fa5ff8000-7f2fa6048000 r-xp 00000000 08:02 2497714                    /usr/lib/libpulse.so.0.19.0
7f2fa6048000-7f2fa6247000 ---p 00050000 08:02 2497714                    /usr/lib/libpulse.so.0.19.0
7f2fa6247000-7f2fa6248000 r--p 0004f000 08:02 2497714                    /usr/lib/libpulse.so.0.19.0
7f2fa6248000-7f2fa6249000 rw-p 00050000 08:02 2497714                    /usr/lib/libpulse.so.0.19.0
7f2fa6249000-7f2fa624f000 r-xp 00000000 08:02 2625446                    /usr/lib/alsa-lib/libasound_module_pcm_pulse.so
7f2fa624f000-7f2fa644e000 ---p 00006000 08:02 2625446                    /usr/lib/alsa-lib/libasound_module_pcm_pulse.so
7f2fa644e000-7f2fa644f000 r--p 00005000 08:02 2625446                    /usr/lib/alsa-lib/libasound_module_pcm_pulse.so
7f2fa644f000-7f2fa6450000 rw-p 00006000 08:02 2625446                    /usr/lib/alsa-lib/libasound_module_pcm_pulse.so
7f2fa6450000-7f2fa6453000 ---p 00000000 00:00 0 
7f2fa6453000-7f2fa6551000 rw-p 00000000 00:00 0                          [stack:3148]
7f2fa6551000-7f2fa6562000 r-xp 00000000 08:02 3409728                    /usr/lib/jvm/java-8-openjdk/jre/lib/amd64/libnio.so
7f2fa6562000-7f2fa6761000 ---p 00011000 08:02 3409728                    /usr/lib/jvm/java-8-openjdk/jre/lib/amd64/libnio.so
7f2fa6761000-7f2fa6762000 rw-p 00010000 08:02 3409728                    /usr/lib/jvm/java-8-openjdk/jre/lib/amd64/libnio.so
7f2fa6762000-7f2fa6763000 ---p 00000000 00:00 0 
7f2fa6763000-7f2fa6f63000 rw-p 00000000 00:00 0                          [stack:3147]
7f2fa6f63000-7f2fa6f6c000 r-xp 00000000 08:02 3416609                    /usr/lib/jvm/java-8-openjdk/jre/lib/amd64/libfxplugins.so
7f2fa6f6c000-7f2fa716c000 ---p 00009000 08:02 3416609                    /usr/lib/jvm/java-8-openjdk/jre/lib/amd64/libfxplugins.so
7f2fa716c000-7f2fa716d000 rw-p 00009000 08:02 3416609                    /usr/lib/jvm/java-8-openjdk/jre/lib/amd64/libfxplugins.so
7f2fa716d000-7f2fa722d000 rw-p 00000000 00:00 0 
7f2fa722d000-7f2fa736d000 ---p 00000000 00:00 0 
7f2fa736d000-7f2fa746b000 r-xp 00000000 08:02 2508410                    /usr/lib/libasound.so.2.0.0
7f2fa746b000-7f2fa766b000 ---p 000fe000 08:02 2508410                    /usr/lib/libasound.so.2.0.0
7f2fa766b000-7f2fa7672000 r--p 000fe000 08:02 2508410                    /usr/lib/libasound.so.2.0.0
7f2fa7672000-7f2fa7674000 rw-p 00105000 08:02 2508410                    /usr/lib/libasound.so.2.0.0
7f2fa7674000-7f2fa77be000 r-xp 00000000 08:02 3416611                    /usr/lib/jvm/java-8-openjdk/jre/lib/amd64/libgstreamer-lite.so
7f2fa77be000-7f2fa79bd000 ---p 0014a000 08:02 3416611                    /usr/lib/jvm/java-8-openjdk/jre/lib/amd64/libgstreamer-lite.so
7f2fa79bd000-7f2fa79cc000 rw-p 00149000 08:02 3416611                    /usr/lib/jvm/java-8-openjdk/jre/lib/amd64/libgstreamer-lite.so
7f2fa79cc000-7f2fa79cd000 rw-p 00000000 00:00 0 
7f2fa79cd000-7f2fa79f6000 r-xp 00000000 08:02 3416616                    /usr/lib/jvm/java-8-openjdk/jre/lib/amd64/libjfxmedia.so
7f2fa79f6000-7f2fa7bf6000 ---p 00029000 08:02 3416616                    /usr/lib/jvm/java-8-openjdk/jre/lib/amd64/libjfxmedia.so
7f2fa7bf6000-7f2fa7bf8000 rw-p 00029000 08:02 3416616                    /usr/lib/jvm/java-8-openjdk/jre/lib/amd64/libjfxmedia.so
7f2fa7bf8000-7f2fa7bfd000 r-xp 00000000 08:02 3416613                    /usr/lib/jvm/java-8-openjdk/jre/lib/amd64/libjavafx_font_freetype.so
7f2fa7bfd000-7f2fa7dfc000 ---p 00005000 08:02 3416613                    /usr/lib/jvm/java-8-openjdk/jre/lib/amd64/libjavafx_font_freetype.so
7f2fa7dfc000-7f2fa7dfd000 rw-p 00004000 08:02 3416613                    /usr/lib/jvm/java-8-openjdk/jre/lib/amd64/libjavafx_font_freetype.so
7f2fa7dfd000-7f2fa7e00000 r-xp 00000000 08:02 3416612                    /usr/lib/jvm/java-8-openjdk/jre/lib/amd64/libjavafx_font.so
7f2fa7e00000-7f2fa7fff000 ---p 00003000 08:02 3416612                    /usr/lib/jvm/java-8-openjdk/jre/lib/amd64/libjavafx_font.so
7f2fa7fff000-7f2fa8000000 rw-p 00002000 08:02 3416612                    /usr/lib/jvm/java-8-openjdk/jre/lib/amd64/libjavafx_font.so
7f2fa8000000-7f2fa8021000 rw-p 00000000 00:00 0 
7f2fa8021000-7f2fac000000 ---p 00000000 00:00 0 
7f2fac0bd000-7f2fac0e2000 r--s 00000000 08:02 4592492                    /var/cache/fontconfig/923e285e415b1073c8df160bee08820f-le64.cache-4
7f2fac0e2000-7f2fac2e2000 rw-p 00000000 00:00 0 
7f2fac2e2000-7f2fac2e5000 ---p 00000000 00:00 0 
7f2fac2e5000-7f2fac3e3000 rw-p 00000000 00:00 0                          [stack:3145]
7f2fac3e3000-7f2fac3e9000 r-xp 00000000 08:02 2508998                    /usr/lib/libogg.so.0.8.2
7f2fac3e9000-7f2fac5e8000 ---p 00006000 08:02 2508998                    /usr/lib/libogg.so.0.8.2
7f2fac5e8000-7f2fac5e9000 r--p 00005000 08:02 2508998                    /usr/lib/libogg.so.0.8.2
7f2fac5e9000-7f2fac5ea000 rw-p 00006000 08:02 2508998                    /usr/lib/libogg.so.0.8.2
7f2fac5ea000-7f2fac615000 r-xp 00000000 08:02 2509273                    /usr/lib/libvorbis.so.0.4.8
7f2fac615000-7f2fac815000 ---p 0002b000 08:02 2509273                    /usr/lib/libvorbis.so.0.4.8
7f2fac815000-7f2fac816000 r--p 0002b000 08:02 2509273                    /usr/lib/libvorbis.so.0.4.8
7f2fac816000-7f2fac817000 rw-p 0002c000 08:02 2509273                    /usr/lib/libvorbis.so.0.4.8
7f2fac817000-7f2fac820000 r-xp 00000000 08:02 2508918                    /usr/lib/libltdl.so.7.3.1
7f2fac820000-7f2faca1f000 ---p 00009000 08:02 2508918                    /usr/lib/libltdl.so.7.3.1
7f2faca1f000-7f2faca20000 r--p 00008000 08:02 2508918                    /usr/lib/libltdl.so.7.3.1
7f2faca20000-7f2faca21000 rw-p 00009000 08:02 2508918                    /usr/lib/libltdl.so.7.3.1
7f2faca21000-7f2faca35000 r-xp 00000000 08:02 2509227                    /usr/lib/libtdb.so.1.3.8
7f2faca35000-7f2facc34000 ---p 00014000 08:02 2509227                    /usr/lib/libtdb.so.1.3.8
7f2facc34000-7f2facc35000 r--p 00013000 08:02 2509227                    /usr/lib/libtdb.so.1.3.8
7f2facc35000-7f2facc36000 rw-p 00014000 08:02 2509227                    /usr/lib/libtdb.so.1.3.8
7f2facc36000-7f2facc3e000 r-xp 00000000 08:02 2509275                    /usr/lib/libvorbisfile.so.3.3.7
7f2facc3e000-7f2face3d000 ---p 00008000 08:02 2509275                    /usr/lib/libvorbisfile.so.3.3.7
7f2face3d000-7f2face3e000 r--p 00007000 08:02 2509275                    /usr/lib/libvorbisfile.so.3.3.7
7f2face3e000-7f2face3f000 rw-p 00008000 08:02 2509275                    /usr/lib/libvorbisfile.so.3.3.7
7f2face3f000-7f2face50000 r-xp 00000000 08:02 2508494                    /usr/lib/libcanberra.so.0.2.5
7f2face50000-7f2fad04f000 ---p 00011000 08:02 2508494                    /usr/lib/libcanberra.so.0.2.5
7f2fad04f000-7f2fad050000 r--p 00010000 08:02 2508494                    /usr/lib/libcanberra.so.0.2.5
7f2fad050000-7f2fad051000 rw-p 00011000 08:02 2508494                    /usr/lib/libcanberra.so.0.2.5
7f2fad051000-7f2fad055000 r-xp 00000000 08:02 2508491                    /usr/lib/libcanberra-gtk.so.0.1.9
7f2fad055000-7f2fad254000 ---p 00004000 08:02 2508491                    /usr/lib/libcanberra-gtk.so.0.1.9
7f2fad254000-7f2fad255000 r--p 00003000 08:02 2508491                    /usr/lib/libcanberra-gtk.so.0.1.9
7f2fad255000-7f2fad256000 rw-p 00004000 08:02 2508491                    /usr/lib/libcanberra-gtk.so.0.1.9
7f2fad256000-7f2fad25b000 r-xp 00000000 08:02 3409341                    /usr/lib/gtk-2.0/modules/libcanberra-gtk-module.so
7f2fad25b000-7f2fad45a000 ---p 00005000 08:02 3409341                    /usr/lib/gtk-2.0/modules/libcanberra-gtk-module.so
7f2fad45a000-7f2fad45b000 r--p 00004000 08:02 3409341                    /usr/lib/gtk-2.0/modules/libcanberra-gtk-module.so
7f2fad45b000-7f2fad45c000 rw-p 00005000 08:02 3409341                    /usr/lib/gtk-2.0/modules/libcanberra-gtk-module.so
7f2fad45c000-7f2fad485000 r-xp 00000000 08:02 3416610                    /usr/lib/jvm/java-8-openjdk/jre/lib/amd64/libglass.so
7f2fad485000-7f2fad684000 ---p 00029000 08:02 3416610                    /usr/lib/jvm/java-8-openjdk/jre/lib/amd64/libglass.so
7f2fad684000-7f2fad686000 rw-p 00028000 08:02 3416610                    /usr/lib/jvm/java-8-openjdk/jre/lib/amd64/libglass.so
7f2fad686000-7f2fad687000 rw-p 00000000 00:00 0 
7f2fad687000-7f2fad68b000 r-xp 00000000 08:02 2496057                    /usr/lib/libtxc_dxtn.so
7f2fad68b000-7f2fad88a000 ---p 00004000 08:02 2496057                    /usr/lib/libtxc_dxtn.so
7f2fad88a000-7f2fad88b000 r--p 00003000 08:02 2496057                    /usr/lib/libtxc_dxtn.so
7f2fad88b000-7f2fad88c000 rw-p 00004000 08:02 2496057                    /usr/lib/libtxc_dxtn.so
7f2fad88c000-7f2fad88d000 ---p 00000000 00:00 0 
7f2fad88d000-7f2fae08d000 rw-p 00000000 00:00 0                          [stack:3143]
7f2fae08d000-7f2fae0f4000 r-xp 00000000 08:02 2495959                    /usr/lib/libncursesw.so.6.0
7f2fae0f4000-7f2fae2f4000 ---p 00067000 08:02 2495959                    /usr/lib/libncursesw.so.6.0
7f2fae2f4000-7f2fae2f8000 r--p 00067000 08:02 2495959                    /usr/lib/libncursesw.so.6.0
7f2fae2f8000-7f2fae2fa000 rw-p 0006b000 08:02 2495959                    /usr/lib/libncursesw.so.6.0
7f2fae2fa000-7f2fae330000 r-xp 00000000 08:02 2495851                    /usr/lib/libedit.so.0.0.53
7f2fae330000-7f2fae52f000 ---p 00036000 08:02 2495851                    /usr/lib/libedit.so.0.0.53
7f2fae52f000-7f2fae531000 r--p 00035000 08:02 2495851                    /usr/lib/libedit.so.0.0.53
7f2fae531000-7f2fae532000 rw-p 00037000 08:02 2495851                    /usr/lib/libedit.so.0.0.53
7f2fae532000-7f2fae536000 rw-p 00000000 00:00 0 
7f2fae536000-7f2fae549000 r-xp 00000000 08:02 2495895                    /usr/lib/libgpg-error.so.0.17.0
7f2fae549000-7f2fae748000 ---p 00013000 08:02 2495895                    /usr/lib/libgpg-error.so.0.17.0
7f2fae748000-7f2fae749000 r--p 00012000 08:02 2495895                    /usr/lib/libgpg-error.so.0.17.0
7f2fae749000-7f2fae74a000 rw-p 00013000 08:02 2495895                    /usr/lib/libgpg-error.so.0.17.0
7f2fae74a000-7f2fb09b7000 r-xp 00000000 08:02 2495619                    /usr/lib/libLLVM.so.3.7.1
7f2fb09b7000-7f2fb0bb7000 ---p 0226d000 08:02 2495619                    /usr/lib/libLLVM.so.3.7.1
7f2fb0bb7000-7f2fb0e2b000 r--p 0226d000 08:02 2495619                    /usr/lib/libLLVM.so.3.7.1
7f2fb0e2b000-7f2fb0e46000 rw-p 024e1000 08:02 2495619                    /usr/lib/libLLVM.so.3.7.1
7f2fb0e46000-7f2fb0e65000 rw-p 00000000 00:00 0 
7f2fb0e65000-7f2fb0e7c000 r-xp 00000000 08:02 2492842                    /usr/lib/libelf-0.165.so
7f2fb0e7c000-7f2fb107b000 ---p 00017000 08:02 2492842                    /usr/lib/libelf-0.165.so
7f2fb107b000-7f2fb107c000 r--p 00016000 08:02 2492842                    /usr/lib/libelf-0.165.so
7f2fb107c000-7f2fb107d000 rw-p 00017000 08:02 2492842                    /usr/lib/libelf-0.165.so
7f2fb107d000-7f2fb1084000 r-xp 00000000 08:02 2493346                    /usr/lib/libdrm_amdgpu.so.1.0.0
7f2fb1084000-7f2fb1283000 ---p 00007000 08:02 2493346                    /usr/lib/libdrm_amdgpu.so.1.0.0
7f2fb1283000-7f2fb1284000 r--p 00006000 08:02 2493346                    /usr/lib/libdrm_amdgpu.so.1.0.0
7f2fb1284000-7f2fb1285000 rw-p 00007000 08:02 2493346                    /usr/lib/libdrm_amdgpu.so.1.0.0
7f2fb1285000-7f2fb1290000 r-xp 00000000 08:02 2493345                    /usr/lib/libdrm_radeon.so.1.0.1
7f2fb1290000-7f2fb148f000 ---p 0000b000 08:02 2493345                    /usr/lib/libdrm_radeon.so.1.0.1
7f2fb148f000-7f2fb1490000 r--p 0000a000 08:02 2493345                    /usr/lib/libdrm_radeon.so.1.0.1
7f2fb1490000-7f2fb1491000 rw-p 0000b000 08:02 2493345                    /usr/lib/libdrm_radeon.so.1.0.1
7f2fb1491000-7f2fb1498000 r-xp 00000000 08:02 2493344                    /usr/lib/libdrm_nouveau.so.2.0.0
7f2fb1498000-7f2fb1697000 ---p 00007000 08:02 2493344                    /usr/lib/libdrm_nouveau.so.2.0.0
7f2fb1697000-7f2fb1698000 r--p 00006000 08:02 2493344                    /usr/lib/libdrm_nouveau.so.2.0.0
7f2fb1698000-7f2fb1699000 rw-p 00007000 08:02 2493344                    /usr/lib/libdrm_nouveau.so.2.0.0
7f2fb1699000-7f2fb1771000 r-xp 00000000 08:02 2494116                    /usr/lib/libgcrypt.so.20.0.5
7f2fb1771000-7f2fb1971000 ---p 000d8000 08:02 2494116                    /usr/lib/libgcrypt.so.20.0.5
7f2fb1971000-7f2fb1972000 r--p 000d8000 08:02 2494116                    /usr/lib/libgcrypt.so.20.0.5
7f2fb1972000-7f2fb197a000 rw-p 000d9000 08:02 2494116                    /usr/lib/libgcrypt.so.20.0.5
7f2fb197a000-7f2fb197b000 rw-p 00000000 00:00 0 
7f2fb197b000-7f2fb21e7000 r-xp 00000000 08:02 2773883                    /usr/lib/xorg/modules/dri/radeonsi_dri.so
7f2fb21e7000-7f2fb23e6000 ---p 0086c000 08:02 2773883                    /usr/lib/xorg/modules/dri/radeonsi_dri.so
7f2fb23e6000-7f2fb2451000 r--p 0086b000 08:02 2773883                    /usr/lib/xorg/modules/dri/radeonsi_dri.so
7f2fb2451000-7f2fb245e000 rw-p 008d6000 08:02 2773883                    /usr/lib/xorg/modules/dri/radeonsi_dri.so
7f2fb245e000-7f2fb2644000 rw-p 00000000 00:00 0 
7f2fb2644000-7f2fb2648000 r-xp 00000000 08:02 2490832                    /usr/lib/libcap.so.2.25
7f2fb2648000-7f2fb2847000 ---p 00004000 08:02 2490832                    /usr/lib/libcap.so.2.25
7f2fb2847000-7f2fb2848000 rw-p 00003000 08:02 2490832                    /usr/lib/libcap.so.2.25
7f2fb2848000-7f2fb284d000 r-xp 00000000 08:02 2495782                    /usr/lib/libXdmcp.so.6.0.0
7f2fb284d000-7f2fb2a4c000 ---p 00005000 08:02 2495782                    /usr/lib/libXdmcp.so.6.0.0
7f2fb2a4c000-7f2fb2a4d000 r--p 00004000 08:02 2495782                    /usr/lib/libXdmcp.so.6.0.0
7f2fb2a4d000-7f2fb2a4e000 rw-p 00005000 08:02 2495782                    /usr/lib/libXdmcp.so.6.0.0
7f2fb2a4e000-7f2fb2a50000 r-xp 00000000 08:02 2495780                    /usr/lib/libXau.so.6.0.0
7f2fb2a50000-7f2fb2c50000 ---p 00002000 08:02 2495780                    /usr/lib/libXau.so.6.0.0
7f2fb2c50000-7f2fb2c51000 r--p 00002000 08:02 2495780                    /usr/lib/libXau.so.6.0.0
7f2fb2c51000-7f2fb2c52000 rw-p 00003000 08:02 2495780                    /usr/lib/libXau.so.6.0.0
7f2fb2c52000-7f2fb2c62000 r-xp 00000000 08:02 2492257                    /usr/lib/libwayland-server.so.0.1.0
7f2fb2c62000-7f2fb2e61000 ---p 00010000 08:02 2492257                    /usr/lib/libwayland-server.so.0.1.0
7f2fb2e61000-7f2fb2e63000 r--p 0000f000 08:02 2492257                    /usr/lib/libwayland-server.so.0.1.0
7f2fb2e63000-7f2fb2e64000 rw-p 00011000 08:02 2492257                    /usr/lib/libwayland-server.so.0.1.0
7f2fb2e64000-7f2fb2e70000 r-xp 00000000 08:02 2492258                    /usr/lib/libwayland-client.so.0.3.0
7f2fb2e70000-7f2fb3070000 ---p 0000c000 08:02 2492258                    /usr/lib/libwayland-client.so.0.3.0
7f2fb3070000-7f2fb3072000 r--p 0000c000 08:02 2492258                    /usr/lib/libwayland-client.so.0.3.0
7f2fb3072000-7f2fb3073000 rw-p 0000e000 08:02 2492258                    /usr/lib/libwayland-client.so.0.3.0
7f2fb3073000-7f2fb307f000 r-xp 00000000 08:02 2497615                    /usr/lib/libgbm.so.1.0.0
7f2fb307f000-7f2fb327f000 ---p 0000c000 08:02 2497615                    /usr/lib/libgbm.so.1.0.0
7f2fb327f000-7f2fb3280000 r--p 0000c000 08:02 2497615                    /usr/lib/libgbm.so.1.0.0
7f2fb3280000-7f2fb3281000 rw-p 0000d000 08:02 2497615                    /usr/lib/libgbm.so.1.0.0
7f2fb3281000-7f2fb32aa000 r-xp 00000000 08:02 2498038                    /usr/lib/libgraphite2.so.3.0.1
7f2fb32aa000-7f2fb34a9000 ---p 00029000 08:02 2498038                    /usr/lib/libgraphite2.so.3.0.1
7f2fb34a9000-7f2fb34ab000 r--p 00028000 08:02 2498038                    /usr/lib/libgraphite2.so.3.0.1
7f2fb34ab000-7f2fb34ac000 rw-p 0002a000 08:02 2498038                    /usr/lib/libgraphite2.so.3.0.1
7f2fb34ac000-7f2fb34b2000 r-xp 00000000 08:02 2508525                    /usr/lib/libdatrie.so.1.3.2
7f2fb34b2000-7f2fb36b2000 ---p 00006000 08:02 2508525                    /usr/lib/libdatrie.so.1.3.2
7f2fb36b2000-7f2fb36b3000 r--p 00006000 08:02 2508525                    /usr/lib/libdatrie.so.1.3.2
7f2fb36b3000-7f2fb36b4000 rw-p 00007000 08:02 2508525                    /usr/lib/libdatrie.so.1.3.2
7f2fb36b4000-7f2fb36c2000 r-xp 00000000 08:02 2493338                    /usr/lib/libdrm.so.2.4.0
7f2fb36c2000-7f2fb38c1000 ---p 0000e000 08:02 2493338                    /usr/lib/libdrm.so.2.4.0
7f2fb38c1000-7f2fb38c2000 r--p 0000d000 08:02 2493338                    /usr/lib/libdrm.so.2.4.0
7f2fb38c2000-7f2fb38c3000 rw-p 0000e000 08:02 2493338                    /usr/lib/libdrm.so.2.4.0
7f2fb38c3000-7f2fb38c7000 r-xp 00000000 08:02 2496076                    /usr/lib/libxcb-dri2.so.0.0.0
7f2fb38c7000-7f2fb3ac6000 ---p 00004000 08:02 2496076                    /usr/lib/libxcb-dri2.so.0.0.0
7f2fb3ac6000-7f2fb3ac7000 r--p 00003000 08:02 2496076                    /usr/lib/libxcb-dri2.so.0.0.0
7f2fb3ac7000-7f2fb3ac8000 rw-p 00004000 08:02 2496076                    /usr/lib/libxcb-dri2.so.0.0.0
7f2fb3ac8000-7f2fb3adf000 r-xp 00000000 08:02 2496078                    /usr/lib/libxcb-glx.so.0.0.0
7f2fb3adf000-7f2fb3cdf000 ---p 00017000 08:02 2496078                    /usr/lib/libxcb-glx.so.0.0.0
7f2fb3cdf000-7f2fb3ce1000 r--p 00017000 08:02 2496078                    /usr/lib/libxcb-glx.so.0.0.0
7f2fb3ce1000-7f2fb3ce2000 rw-p 00019000 08:02 2496078                    /usr/lib/libxcb-glx.so.0.0.0
7f2fb3ce2000-7f2fb3ce3000 r-xp 00000000 08:02 2495778                    /usr/lib/libX11-xcb.so.1.0.0
7f2fb3ce3000-7f2fb3ee2000 ---p 00001000 08:02 2495778                    /usr/lib/libX11-xcb.so.1.0.0
7f2fb3ee2000-7f2fb3ee3000 r--p 00000000 08:02 2495778                    /usr/lib/libX11-xcb.so.1.0.0
7f2fb3ee3000-7f2fb3ee4000 rw-p 00001000 08:02 2495778                    /usr/lib/libX11-xcb.so.1.0.0
7f2fb3ee4000-7f2fb3f0d000 r-xp 00000000 08:02 2497616                    /usr/lib/libglapi.so.0.0.0
7f2fb3f0d000-7f2fb410c000 ---p 00029000 08:02 2497616                    /usr/lib/libglapi.so.0.0.0
7f2fb410c000-7f2fb4110000 r--p 00028000 08:02 2497616                    /usr/lib/libglapi.so.0.0.0
7f2fb4110000-7f2fb4111000 rw-p 0002c000 08:02 2497616                    /usr/lib/libglapi.so.0.0.0
7f2fb4111000-7f2fb4112000 rw-p 00000000 00:00 0 
7f2fb4112000-7f2fb4113000 r-xp 00000000 08:02 2496099                    /usr/lib/libxshmfence.so.1.0.0
7f2fb4113000-7f2fb4313000 ---p 00001000 08:02 2496099                    /usr/lib/libxshmfence.so.1.0.0
7f2fb4313000-7f2fb4314000 r--p 00001000 08:02 2496099                    /usr/lib/libxshmfence.so.1.0.0
7f2fb4314000-7f2fb4315000 rw-p 00002000 08:02 2496099                    /usr/lib/libxshmfence.so.1.0.0
7f2fb4315000-7f2fb431a000 r-xp 00000000 08:02 2496087                    /usr/lib/libxcb-sync.so.1.0.0
7f2fb431a000-7f2fb451a000 ---p 00005000 08:02 2496087                    /usr/lib/libxcb-sync.so.1.0.0
7f2fb451a000-7f2fb451b000 r--p 00005000 08:02 2496087                    /usr/lib/libxcb-sync.so.1.0.0
7f2fb451b000-7f2fb451c000 rw-p 00006000 08:02 2496087                    /usr/lib/libxcb-sync.so.1.0.0
7f2fb451c000-7f2fb451f000 r-xp 00000000 08:02 2496085                    /usr/lib/libxcb-shape.so.0.0.0
7f2fb451f000-7f2fb471e000 ---p 00003000 08:02 2496085                    /usr/lib/libxcb-shape.so.0.0.0
7f2fb471e000-7f2fb471f000 r--p 00002000 08:02 2496085                    /usr/lib/libxcb-shape.so.0.0.0
7f2fb471f000-7f2fb4720000 rw-p 00003000 08:02 2496085                    /usr/lib/libxcb-shape.so.0.0.0
7f2fb4720000-7f2fb4726000 r-xp 00000000 08:02 2496090                    /usr/lib/libxcb-xfixes.so.0.0.0
7f2fb4726000-7f2fb4926000 ---p 00006000 08:02 2496090                    /usr/lib/libxcb-xfixes.so.0.0.0
7f2fb4926000-7f2fb4927000 r--p 00006000 08:02 2496090                    /usr/lib/libxcb-xfixes.so.0.0.0
7f2fb4927000-7f2fb4928000 rw-p 00007000 08:02 2496090                    /usr/lib/libxcb-xfixes.so.0.0.0
7f2fb4928000-7f2fb4935000 r-xp 00000000 08:02 2496080                    /usr/lib/libxcb-randr.so.0.1.0
7f2fb4935000-7f2fb4b34000 ---p 0000d000 08:02 2496080                    /usr/lib/libxcb-randr.so.0.1.0
7f2fb4b34000-7f2fb4b35000 r--p 0000c000 08:02 2496080                    /usr/lib/libxcb-randr.so.0.1.0
7f2fb4b35000-7f2fb4b36000 rw-p 0000d000 08:02 2496080                    /usr/lib/libxcb-randr.so.0.1.0
7f2fb4b36000-7f2fb4b38000 r-xp 00000000 08:02 2496079                    /usr/lib/libxcb-present.so.0.0.0
7f2fb4b38000-7f2fb4d37000 ---p 00002000 08:02 2496079                    /usr/lib/libxcb-present.so.0.0.0
7f2fb4d37000-7f2fb4d38000 r--p 00001000 08:02 2496079                    /usr/lib/libxcb-present.so.0.0.0
7f2fb4d38000-7f2fb4d39000 rw-p 00002000 08:02 2496079                    /usr/lib/libxcb-present.so.0.0.0
7f2fb4d39000-7f2fb4d3b000 r-xp 00000000 08:02 2496077                    /usr/lib/libxcb-dri3.so.0.0.0
7f2fb4d3b000-7f2fb4f3a000 ---p 00002000 08:02 2496077                    /usr/lib/libxcb-dri3.so.0.0.0
7f2fb4f3a000-7f2fb4f3b000 r--p 00001000 08:02 2496077                    /usr/lib/libxcb-dri3.so.0.0.0
7f2fb4f3b000-7f2fb4f3c000 rw-p 00002000 08:02 2496077                    /usr/lib/libxcb-dri3.so.0.0.0
7f2fb4f3c000-7f2fb4fab000 r-xp 00000000 08:02 2496006                    /usr/lib/libpcre.so.1.2.6
7f2fb4fab000-7f2fb51aa000 ---p 0006f000 08:02 2496006                    /usr/lib/libpcre.so.1.2.6
7f2fb51aa000-7f2fb51ab000 r--p 0006e000 08:02 2496006                    /usr/lib/libpcre.so.1.2.6
7f2fb51ab000-7f2fb51ac000 rw-p 0006f000 08:02 2496006                    /usr/lib/libpcre.so.1.2.6
7f2fb51ac000-7f2fb51bb000 r-xp 00000000 08:02 2495808                    /usr/lib/libbz2.so.1.0.6
7f2fb51bb000-7f2fb53ba000 ---p 0000f000 08:02 2495808                    /usr/lib/libbz2.so.1.0.6
7f2fb53ba000-7f2fb53bc000 rw-p 0000e000 08:02 2495808                    /usr/lib/libbz2.so.1.0.6
7f2fb53bc000-7f2fb53e3000 r-xp 00000000 08:02 2495861                    /usr/lib/libexpat.so.1.6.0
7f2fb53e3000-7f2fb55e2000 ---p 00027000 08:02 2495861                    /usr/lib/libexpat.so.1.6.0
7f2fb55e2000-7f2fb55e5000 r--p 00026000 08:02 2495861                    /usr/lib/libexpat.so.1.6.0
7f2fb55e5000-7f2fb55e6000 rw-p 00029000 08:02 2495861                    /usr/lib/libexpat.so.1.6.0
7f2fb55e6000-7f2fb55ee000 r-xp 00000000 08:02 2495865                    /usr/lib/libffi.so.6.0.4
7f2fb55ee000-7f2fb57ed000 ---p 00008000 08:02 2495865                    /usr/lib/libffi.so.6.0.4
7f2fb57ed000-7f2fb57ee000 r--p 00007000 08:02 2495865                    /usr/lib/libffi.so.6.0.4
7f2fb57ee000-7f2fb57ef000 rw-p 00008000 08:02 2495865                    /usr/lib/libffi.so.6.0.4
7f2fb57ef000-7f2fb5803000 r-xp 00000000 08:02 2497738                    /usr/lib/libresolv-2.23.so
7f2fb5803000-7f2fb5a02000 ---p 00014000 08:02 2497738                    /usr/lib/libresolv-2.23.so
7f2fb5a02000-7f2fb5a03000 r--p 00013000 08:02 2497738                    /usr/lib/libresolv-2.23.so
7f2fb5a03000-7f2fb5a04000 rw-p 00014000 08:02 2497738                    /usr/lib/libresolv-2.23.so
7f2fb5a04000-7f2fb5a06000 rw-p 00000000 00:00 0 
7f2fb5a06000-7f2fb5a27000 r-xp 00000000 08:02 2496098                    /usr/lib/libxcb.so.1.1.0
7f2fb5a27000-7f2fb5c27000 ---p 00021000 08:02 2496098                    /usr/lib/libxcb.so.1.1.0
7f2fb5c27000-7f2fb5c28000 r--p 00021000 08:02 2496098                    /usr/lib/libxcb.so.1.1.0
7f2fb5c28000-7f2fb5c29000 rw-p 00022000 08:02 2496098                    /usr/lib/libxcb.so.1.1.0
7f2fb5c29000-7f2fb5c32000 r-xp 00000000 08:02 2496082                    /usr/lib/libxcb-render.so.0.0.0
7f2fb5c32000-7f2fb5e31000 ---p 00009000 08:02 2496082                    /usr/lib/libxcb-render.so.0.0.0
7f2fb5e31000-7f2fb5e32000 r--p 00008000 08:02 2496082                    /usr/lib/libxcb-render.so.0.0.0
7f2fb5e32000-7f2fb5e33000 rw-p 00009000 08:02 2496082                    /usr/lib/libxcb-render.so.0.0.0
7f2fb5e33000-7f2fb5e35000 r-xp 00000000 08:02 2496086                    /usr/lib/libxcb-shm.so.0.0.0
7f2fb5e35000-7f2fb6035000 ---p 00002000 08:02 2496086                    /usr/lib/libxcb-shm.so.0.0.0
7f2fb6035000-7f2fb6036000 r--p 00002000 08:02 2496086                    /usr/lib/libxcb-shm.so.0.0.0
7f2fb6036000-7f2fb6037000 rw-p 00003000 08:02 2496086                    /usr/lib/libxcb-shm.so.0.0.0
7f2fb6037000-7f2fb606b000 r-xp 00000000 08:02 2499395                    /usr/lib/libpng16.so.16.21.0
7f2fb606b000-7f2fb626a000 ---p 00034000 08:02 2499395                    /usr/lib/libpng16.so.16.21.0
7f2fb626a000-7f2fb626b000 r--p 00033000 08:02 2499395                    /usr/lib/libpng16.so.16.21.0
7f2fb626b000-7f2fb626c000 rw-p 00034000 08:02 2499395                    /usr/lib/libpng16.so.16.21.0
7f2fb626c000-7f2fb6297000 r-xp 00000000 08:02 2500096                    /usr/lib/mesa/libEGL.so.1.0.0
7f2fb6297000-7f2fb6497000 ---p 0002b000 08:02 2500096                    /usr/lib/mesa/libEGL.so.1.0.0
7f2fb6497000-7f2fb6498000 r--p 0002b000 08:02 2500096                    /usr/lib/mesa/libEGL.so.1.0.0
7f2fb6498000-7f2fb6499000 rw-p 0002c000 08:02 2500096                    /usr/lib/mesa/libEGL.so.1.0.0
7f2fb6499000-7f2fb6538000 r-xp 00000000 08:02 2501770                    /usr/lib/libpixman-1.so.0.34.0
7f2fb6538000-7f2fb6738000 ---p 0009f000 08:02 2501770                    /usr/lib/libpixman-1.so.0.34.0
7f2fb6738000-7f2fb6740000 r--p 0009f000 08:02 2501770                    /usr/lib/libpixman-1.so.0.34.0
7f2fb6740000-7f2fb6741000 rw-p 000a7000 08:02 2501770                    /usr/lib/libpixman-1.so.0.34.0
7f2fb6741000-7f2fb67a0000 r-xp 00000000 08:02 2502105                    /usr/lib/libharfbuzz.so.0.10200.3
7f2fb67a0000-7f2fb69a0000 ---p 0005f000 08:02 2502105                    /usr/lib/libharfbuzz.so.0.10200.3
7f2fb69a0000-7f2fb69a1000 r--p 0005f000 08:02 2502105                    /usr/lib/libharfbuzz.so.0.10200.3
7f2fb69a1000-7f2fb69a2000 rw-p 00060000 08:02 2502105                    /usr/lib/libharfbuzz.so.0.10200.3
7f2fb69a2000-7f2fb69aa000 r-xp 00000000 08:02 2509232                    /usr/lib/libthai.so.0.2.2
7f2fb69aa000-7f2fb6ba9000 ---p 00008000 08:02 2509232                    /usr/lib/libthai.so.0.2.2
7f2fb6ba9000-7f2fb6baa000 r--p 00007000 08:02 2509232                    /usr/lib/libthai.so.0.2.2
7f2fb6baa000-7f2fb6bab000 rw-p 00008000 08:02 2509232                    /usr/lib/libthai.so.0.2.2
7f2fb6bab000-7f2fb6bbc000 r-xp 00000000 08:02 2495783                    /usr/lib/libXext.so.6.4.0
7f2fb6bbc000-7f2fb6dbb000 ---p 00011000 08:02 2495783                    /usr/lib/libXext.so.6.4.0
7f2fb6dbb000-7f2fb6dbc000 r--p 00010000 08:02 2495783                    /usr/lib/libXext.so.6.4.0
7f2fb6dbc000-7f2fb6dbd000 rw-p 00011000 08:02 2495783                    /usr/lib/libXext.so.6.4.0
7f2fb6dbd000-7f2fb6dbf000 r-xp 00000000 08:02 2495781                    /usr/lib/libXdamage.so.1.1.0
7f2fb6dbf000-7f2fb6fbe000 ---p 00002000 08:02 2495781                    /usr/lib/libXdamage.so.1.1.0
7f2fb6fbe000-7f2fb6fbf000 r--p 00001000 08:02 2495781                    /usr/lib/libXdamage.so.1.1.0
7f2fb6fbf000-7f2fb6fc0000 rw-p 00002000 08:02 2495781                    /usr/lib/libXdamage.so.1.1.0
7f2fb6fc0000-7f2fb6fc2000 r-xp 00000000 08:02 2508372                    /usr/lib/libXcomposite.so.1.0.0
7f2fb6fc2000-7f2fb71c1000 ---p 00002000 08:02 2508372                    /usr/lib/libXcomposite.so.1.0.0
7f2fb71c1000-7f2fb71c2000 r--p 00001000 08:02 2508372                    /usr/lib/libXcomposite.so.1.0.0
7f2fb71c2000-7f2fb71c3000 rw-p 00002000 08:02 2508372                    /usr/lib/libXcomposite.so.1.0.0
7f2fb71c3000-7f2fb71cd000 r-xp 00000000 08:02 2508373                    /usr/lib/libXcursor.so.1.0.2
7f2fb71cd000-7f2fb73cc000 ---p 0000a000 08:02 2508373                    /usr/lib/libXcursor.so.1.0.2
7f2fb73cc000-7f2fb73cd000 r--p 00009000 08:02 2508373                    /usr/lib/libXcursor.so.1.0.2
7f2fb73cd000-7f2fb73ce000 rw-p 0000a000 08:02 2508373                    /usr/lib/libXcursor.so.1.0.2
7f2fb73ce000-7f2fb73d8000 r-xp 00000000 08:02 2495786                    /usr/lib/libXrandr.so.2.2.0
7f2fb73d8000-7f2fb75d7000 ---p 0000a000 08:02 2495786                    /usr/lib/libXrandr.so.2.2.0
7f2fb75d7000-7f2fb75d8000 r--p 00009000 08:02 2495786                    /usr/lib/libXrandr.so.2.2.0
7f2fb75d8000-7f2fb75d9000 rw-p 0000a000 08:02 2495786                    /usr/lib/libXrandr.so.2.2.0
7f2fb75d9000-7f2fb75e8000 r-xp 00000000 08:02 2495785                    /usr/lib/libXi.so.6.1.0
7f2fb75e8000-7f2fb77e7000 ---p 0000f000 08:02 2495785                    /usr/lib/libXi.so.6.1.0
7f2fb77e7000-7f2fb77e8000 r--p 0000e000 08:02 2495785                    /usr/lib/libXi.so.6.1.0
7f2fb77e8000-7f2fb77e9000 rw-p 0000f000 08:02 2495785                    /usr/lib/libXi.so.6.1.0
7f2fb77e9000-7f2fb77eb000 r-xp 00000000 08:02 2508376                    /usr/lib/libXinerama.so.1.0.0
7f2fb77eb000-7f2fb79ea000 ---p 00002000 08:02 2508376                    /usr/lib/libXinerama.so.1.0.0
7f2fb79ea000-7f2fb79eb000 r--p 00001000 08:02 2508376                    /usr/lib/libXinerama.so.1.0.0
7f2fb79eb000-7f2fb79ec000 rw-p 00002000 08:02 2508376                    /usr/lib/libXinerama.so.1.0.0
7f2fb79ec000-7f2fb79f5000 r-xp 00000000 08:02 2495787                    /usr/lib/libXrender.so.1.3.0
7f2fb79f5000-7f2fb7bf4000 ---p 00009000 08:02 2495787                    /usr/lib/libXrender.so.1.3.0
7f2fb7bf4000-7f2fb7bf5000 r--p 00008000 08:02 2495787                    /usr/lib/libXrender.so.1.3.0
7f2fb7bf5000-7f2fb7bf6000 rw-p 00009000 08:02 2495787                    /usr/lib/libXrender.so.1.3.0
7f2fb7bf6000-7f2fb7bfb000 r-xp 00000000 08:02 2495784                    /usr/lib/libXfixes.so.3.1.0
7f2fb7bfb000-7f2fb7dfa000 ---p 00005000 08:02 2495784                    /usr/lib/libXfixes.so.3.1.0
7f2fb7dfa000-7f2fb7dfb000 r--p 00004000 08:02 2495784                    /usr/lib/libXfixes.so.3.1.0
7f2fb7dfb000-7f2fb7dfc000 rw-p 00005000 08:02 2495784                    /usr/lib/libXfixes.so.3.1.0
7f2fb7dfc000-7f2fb7dff000 r-xp 00000000 08:02 2493166                    /usr/lib/libgmodule-2.0.so.0.4600.2
7f2fb7dff000-7f2fb7ffe000 ---p 00003000 08:02 2493166                    /usr/lib/libgmodule-2.0.so.0.4600.2
7f2fb7ffe000-7f2fb7fff000 r--p 00002000 08:02 2493166                    /usr/lib/libgmodule-2.0.so.0.4600.2
7f2fb7fff000-7f2fb8000000 rw-p 00003000 08:02 2493166                    /usr/lib/libgmodule-2.0.so.0.4600.2
7f2fb8000000-7f2fb8136000 rw-p 00000000 00:00 0 
7f2fb8136000-7f2fbc000000 ---p 00000000 00:00 0 
7f2fbc000000-7f2fbc2de000 rw-p 00000000 00:00 0 
7f2fbc2de000-7f2fc0000000 ---p 00000000 00:00 0 
7f2fc0000000-7f2fc0021000 rw-p 00000000 00:00 0 
7f2fc0021000-7f2fc4000000 ---p 00000000 00:00 0 
7f2fc4013000-7f2fc4036000 r--s 00000000 08:02 4592834                    /var/cache/fontconfig/8d4af663993b81a124ee82e610bb31f9-le64.cache-4
7f2fc4036000-7f2fc4040000 r--s 00000000 08:02 4592838                    /var/cache/fontconfig/d62e99ef547d1d24cdb1bd22ec1a2976-le64.cache-4
7f2fc4040000-7f2fc406f000 r--s 00000000 08:02 4590228                    /var/cache/fontconfig/f6b893a7224233d96cb72fd88691c0b4-le64.cache-4
7f2fc406f000-7f2fc4072000 ---p 00000000 00:00 0 
7f2fc4072000-7f2fc4170000 rw-p 00000000 00:00 0                          [stack:3144]
7f2fc4170000-7f2fc418e000 r-xp 00000000 08:02 2491692                    /usr/lib/libudev.so.1.6.4
7f2fc418e000-7f2fc418f000 r--p 0001d000 08:02 2491692                    /usr/lib/libudev.so.1.6.4
7f2fc418f000-7f2fc4190000 rw-p 0001e000 08:02 2491692                    /usr/lib/libudev.so.1.6.4
7f2fc4190000-7f2fc41a6000 r-xp 00000000 08:02 2493986                    /usr/lib/libgcc_s.so.1
7f2fc41a6000-7f2fc43a5000 ---p 00016000 08:02 2493986                    /usr/lib/libgcc_s.so.1
7f2fc43a5000-7f2fc43a6000 rw-p 00015000 08:02 2493986                    /usr/lib/libgcc_s.so.1
7f2fc43a6000-7f2fc4518000 r-xp 00000000 08:02 2495882                    /usr/lib/libstdc++.so.6.0.21
7f2fc4518000-7f2fc4718000 ---p 00172000 08:02 2495882                    /usr/lib/libstdc++.so.6.0.21
7f2fc4718000-7f2fc4722000 r--p 00172000 08:02 2495882                    /usr/lib/libstdc++.so.6.0.21
7f2fc4722000-7f2fc4724000 rw-p 0017c000 08:02 2495882                    /usr/lib/libstdc++.so.6.0.21
7f2fc4724000-7f2fc4728000 rw-p 00000000 00:00 0 
7f2fc4728000-7f2fc47bd000 r-xp 00000000 08:02 2500077                    /usr/lib/mesa/libGL.so.1.2.0
7f2fc47bd000-7f2fc49bc000 ---p 00095000 08:02 2500077                    /usr/lib/mesa/libGL.so.1.2.0
7f2fc49bc000-7f2fc49bf000 r--p 00094000 08:02 2500077                    /usr/lib/mesa/libGL.so.1.2.0
7f2fc49bf000-7f2fc49c0000 rw-p 00097000 08:02 2500077                    /usr/lib/mesa/libGL.so.1.2.0
7f2fc49c0000-7f2fc49c1000 rw-p 00000000 00:00 0 
7f2fc49c1000-7f2fc49c6000 r-xp 00000000 08:02 2495789                    /usr/lib/libXxf86vm.so.1.0.0
7f2fc49c6000-7f2fc4bc5000 ---p 00005000 08:02 2495789                    /usr/lib/libXxf86vm.so.1.0.0
7f2fc4bc5000-7f2fc4bc6000 r--p 00004000 08:02 2495789                    /usr/lib/libXxf86vm.so.1.0.0
7f2fc4bc6000-7f2fc4bc7000 rw-p 00005000 08:02 2495789                    /usr/lib/libXxf86vm.so.1.0.0
7f2fc4bc7000-7f2fc4d02000 r-xp 00000000 08:02 2495779                    /usr/lib/libX11.so.6.3.0
7f2fc4d02000-7f2fc4f01000 ---p 0013b000 08:02 2495779                    /usr/lib/libX11.so.6.3.0
7f2fc4f01000-7f2fc4f03000 r--p 0013a000 08:02 2495779                    /usr/lib/libX11.so.6.3.0
7f2fc4f03000-7f2fc4f08000 rw-p 0013c000 08:02 2495779                    /usr/lib/libX11.so.6.3.0
7f2fc4f08000-7f2fc4f09000 rw-p 00000000 00:00 0 
7f2fc4f09000-7f2fc4f0e000 r-xp 00000000 08:02 2495788                    /usr/lib/libXtst.so.6.1.0
7f2fc4f0e000-7f2fc510d000 ---p 00005000 08:02 2495788                    /usr/lib/libXtst.so.6.1.0
7f2fc510d000-7f2fc510e000 r--p 00004000 08:02 2495788                    /usr/lib/libXtst.so.6.1.0
7f2fc510e000-7f2fc510f000 rw-p 00005000 08:02 2495788                    /usr/lib/libXtst.so.6.1.0
7f2fc510f000-7f2fc521b000 r-xp 00000000 08:02 2493165                    /usr/lib/libglib-2.0.so.0.4600.2
7f2fc521b000-7f2fc541a000 ---p 0010c000 08:02 2493165                    /usr/lib/libglib-2.0.so.0.4600.2
7f2fc541a000-7f2fc541b000 r--p 0010b000 08:02 2493165                    /usr/lib/libglib-2.0.so.0.4600.2
7f2fc541b000-7f2fc541c000 rw-p 0010c000 08:02 2493165                    /usr/lib/libglib-2.0.so.0.4600.2
7f2fc541c000-7f2fc541d000 rw-p 00000000 00:00 0 
7f2fc541d000-7f2fc541e000 r-xp 00000000 08:02 2493167                    /usr/lib/libgthread-2.0.so.0.4600.2
7f2fc541e000-7f2fc561d000 ---p 00001000 08:02 2493167                    /usr/lib/libgthread-2.0.so.0.4600.2
7f2fc561d000-7f2fc561e000 r--p 00000000 08:02 2493167                    /usr/lib/libgthread-2.0.so.0.4600.2
7f2fc561e000-7f2fc561f000 rw-p 00001000 08:02 2493167                    /usr/lib/libgthread-2.0.so.0.4600.2
7f2fc561f000-7f2fc56d8000 r-xp 00000000 08:02 2496059                    /usr/lib/libfreetype.so.6.12.3
7f2fc56d8000-7f2fc58d8000 ---p 000b9000 08:02 2496059                    /usr/lib/libfreetype.so.6.12.3
7f2fc58d8000-7f2fc58de000 r--p 000b9000 08:02 2496059                    /usr/lib/libfreetype.so.6.12.3
7f2fc58de000-7f2fc58df000 rw-p 000bf000 08:02 2496059                    /usr/lib/libfreetype.so.6.12.3
7f2fc58df000-7f2fc591c000 r-xp 00000000 08:02 2508584                    /usr/lib/libfontconfig.so.1.8.0
7f2fc591c000-7f2fc5b1b000 ---p 0003d000 08:02 2508584                    /usr/lib/libfontconfig.so.1.8.0
7f2fc5b1b000-7f2fc5b1d000 r--p 0003c000 08:02 2508584                    /usr/lib/libfontconfig.so.1.8.0
7f2fc5b1d000-7f2fc5b1e000 rw-p 0003e000 08:02 2508584                    /usr/lib/libfontconfig.so.1.8.0
7f2fc5b1e000-7f2fc5b6f000 r-xp 00000000 08:02 2493168                    /usr/lib/libgobject-2.0.so.0.4600.2
7f2fc5b6f000-7f2fc5d6e000 ---p 00051000 08:02 2493168                    /usr/lib/libgobject-2.0.so.0.4600.2
7f2fc5d6e000-7f2fc5d6f000 r--p 00050000 08:02 2493168                    /usr/lib/libgobject-2.0.so.0.4600.2
7f2fc5d6f000-7f2fc5d70000 rw-p 00051000 08:02 2493168                    /usr/lib/libgobject-2.0.so.0.4600.2
7f2fc5d70000-7f2fc5db8000 r-xp 00000000 08:02 2509034                    /usr/lib/libpango-1.0.so.0.3800.1
7f2fc5db8000-7f2fc5fb8000 ---p 00048000 08:02 2509034                    /usr/lib/libpango-1.0.so.0.3800.1
7f2fc5fb8000-7f2fc5fba000 r--p 00048000 08:02 2509034                    /usr/lib/libpango-1.0.so.0.3800.1
7f2fc5fba000-7f2fc5fbb000 rw-p 0004a000 08:02 2509034                    /usr/lib/libpango-1.0.so.0.3800.1
7f2fc5fbb000-7f2fc5fcf000 r-xp 00000000 08:02 2509036                    /usr/lib/libpangoft2-1.0.so.0.3800.1
7f2fc5fcf000-7f2fc61cf000 ---p 00014000 08:02 2509036                    /usr/lib/libpangoft2-1.0.so.0.3800.1
7f2fc61cf000-7f2fc61d0000 r--p 00014000 08:02 2509036                    /usr/lib/libpangoft2-1.0.so.0.3800.1
7f2fc61d0000-7f2fc61d1000 rw-p 00015000 08:02 2509036                    /usr/lib/libpangoft2-1.0.so.0.3800.1
7f2fc61d1000-7f2fc6349000 r-xp 00000000 08:02 2493169                    /usr/lib/libgio-2.0.so.0.4600.2
7f2fc6349000-7f2fc6548000 ---p 00178000 08:02 2493169                    /usr/lib/libgio-2.0.so.0.4600.2
7f2fc6548000-7f2fc654c000 r--p 00177000 08:02 2493169                    /usr/lib/libgio-2.0.so.0.4600.2
7f2fc654c000-7f2fc654e000 rw-p 0017b000 08:02 2493169                    /usr/lib/libgio-2.0.so.0.4600.2
7f2fc654e000-7f2fc6550000 rw-p 00000000 00:00 0 
7f2fc6550000-7f2fc6574000 r-xp 00000000 08:02 2508602                    /usr/lib/libgdk_pixbuf-2.0.so.0.3200.3
7f2fc6574000-7f2fc6774000 ---p 00024000 08:02 2508602                    /usr/lib/libgdk_pixbuf-2.0.so.0.3200.3
7f2fc6774000-7f2fc6775000 r--p 00024000 08:02 2508602                    /usr/lib/libgdk_pixbuf-2.0.so.0.3200.3
7f2fc6775000-7f2fc6776000 rw-p 00025000 08:02 2508602                    /usr/lib/libgdk_pixbuf-2.0.so.0.3200.3
7f2fc6776000-7f2fc689f000 r-xp 00000000 08:02 2508488                    /usr/lib/libcairo.so.2.11400.6
7f2fc689f000-7f2fc6a9f000 ---p 00129000 08:02 2508488                    /usr/lib/libcairo.so.2.11400.6
7f2fc6a9f000-7f2fc6aa2000 r--p 00129000 08:02 2508488                    /usr/lib/libcairo.so.2.11400.6
7f2fc6aa2000-7f2fc6aa4000 rw-p 0012c000 08:02 2508488                    /usr/lib/libcairo.so.2.11400.6
7f2fc6aa4000-7f2fc6aa5000 rw-p 00000000 00:00 0 
7f2fc6aa5000-7f2fc6ac8000 r-xp 00000000 08:02 2508416                    /usr/lib/libatk-1.0.so.0.21809.1
7f2fc6ac8000-7f2fc6cc7000 ---p 00023000 08:02 2508416                    /usr/lib/libatk-1.0.so.0.21809.1
7f2fc6cc7000-7f2fc6cca000 r--p 00022000 08:02 2508416                    /usr/lib/libatk-1.0.so.0.21809.1
7f2fc6cca000-7f2fc6ccb000 rw-p 00025000 08:02 2508416                    /usr/lib/libatk-1.0.so.0.21809.1
7f2fc6ccb000-7f2fc6cd7000 r-xp 00000000 08:02 2509035                    /usr/lib/libpangocairo-1.0.so.0.3800.1
7f2fc6cd7000-7f2fc6ed6000 ---p 0000c000 08:02 2509035                    /usr/lib/libpangocairo-1.0.so.0.3800.1
7f2fc6ed6000-7f2fc6ed7000 r--p 0000b000 08:02 2509035                    /usr/lib/libpangocairo-1.0.so.0.3800.1
7f2fc6ed7000-7f2fc6ed8000 rw-p 0000c000 08:02 2509035                    /usr/lib/libpangocairo-1.0.so.0.3800.1
7f2fc6ed8000-7f2fc6f88000 r-xp 00000000 08:02 2508601                    /usr/lib/libgdk-x11-2.0.so.0.2400.29
7f2fc6f88000-7f2fc7188000 ---p 000b0000 08:02 2508601                    /usr/lib/libgdk-x11-2.0.so.0.2400.29
7f2fc7188000-7f2fc718c000 r--p 000b0000 08:02 2508601                    /usr/lib/libgdk-x11-2.0.so.0.2400.29
7f2fc718c000-7f2fc718e000 rw-p 000b4000 08:02 2508601                    /usr/lib/libgdk-x11-2.0.so.0.2400.29
7f2fc718e000-7f2fc75c3000 r-xp 00000000 08:02 2508682                    /usr/lib/libgtk-x11-2.0.so.0.2400.29
7f2fc75c3000-7f2fc77c2000 ---p 00435000 08:02 2508682                    /usr/lib/libgtk-x11-2.0.so.0.2400.29
7f2fc77c2000-7f2fc77c9000 r--p 00434000 08:02 2508682                    /usr/lib/libgtk-x11-2.0.so.0.2400.29
7f2fc77c9000-7f2fc77cd000 rw-p 0043b000 08:02 2508682                    /usr/lib/libgtk-x11-2.0.so.0.2400.29
7f2fc77cd000-7f2fc77d0000 rw-p 00000000 00:00 0 
7f2fc77d1000-7f2fc77da000 r--s 00000000 08:02 4592571                    /var/cache/fontconfig/f349e9996a5320f6dd491cedd2b1f964-le64.cache-4
7f2fc77da000-7f2fc77e6000 rw-s 11f352000 00:06 357                       /dev/dri/card0
7f2fc77e6000-7f2fc7807000 r--p 00000000 08:02 2895117                    /usr/share/locale/en_CA/LC_MESSAGES/gtk20-properties.mo
7f2fc7807000-7f2fc7813000 r--p 00000000 08:02 2895118                    /usr/share/locale/en_CA/LC_MESSAGES/gtk20.mo
7f2fc7813000-7f2fc781f000 r-xp 00000000 08:02 3416619                    /usr/lib/jvm/java-8-openjdk/jre/lib/amd64/libprism_es2.so
7f2fc781f000-7f2fc7a1e000 ---p 0000c000 08:02 3416619                    /usr/lib/jvm/java-8-openjdk/jre/lib/amd64/libprism_es2.so
7f2fc7a1e000-7f2fc7a1f000 rw-p 0000b000 08:02 3416619                    /usr/lib/jvm/java-8-openjdk/jre/lib/amd64/libprism_es2.so
7f2fc7a1f000-7f2fc7a22000 ---p 00000000 00:00 0 
7f2fc7a22000-7f2fc7b20000 rw-p 00000000 00:00 0                          [stack:3141]
7f2fc7b20000-7f2fc7b23000 ---p 00000000 00:00 0 
7f2fc7b23000-7f2fc7c52000 rw-p 00000000 00:00 0                          [stack:3140]
7f2fc7c52000-7f2fc7c68000 r-xp 00000000 08:02 3409715                    /usr/lib/jvm/java-8-openjdk/jre/lib/amd64/libnet.so
7f2fc7c68000-7f2fc7e68000 ---p 00016000 08:02 3409715                    /usr/lib/jvm/java-8-openjdk/jre/lib/amd64/libnet.so
7f2fc7e68000-7f2fc7e69000 rw-p 00016000 08:02 3409715                    /usr/lib/jvm/java-8-openjdk/jre/lib/amd64/libnet.so
7f2fc7e69000-7f2fc7e6c000 ---p 00000000 00:00 0 
7f2fc7e6c000-7f2fc7f6a000 rw-p 00000000 00:00 0                          [stack:3130]
7f2fc7f6a000-7f2fc8000000 r--s 008d5000 08:02 3416601                    /usr/lib/jvm/java-8-openjdk/jre/lib/ext/jfxrt.jar
7f2fc8000000-7f2fc8021000 rw-p 00000000 00:00 0 
7f2fc8021000-7f2fcc000000 ---p 00000000 00:00 0 
7f2fcc000000-7f2fcc021000 rw-p 00000000 00:00 0 
7f2fcc021000-7f2fd0000000 ---p 00000000 00:00 0 
7f2fd0000000-7f2fd0034000 rw-p 00000000 00:00 0 
7f2fd0034000-7f2fd4000000 ---p 00000000 00:00 0 
7f2fd4000000-7f2fd41ec000 rw-p 00000000 00:00 0 
7f2fd41ec000-7f2fd8000000 ---p 00000000 00:00 0 
7f2fd8000000-7f2fd8021000 rw-p 00000000 00:00 0 
7f2fd8021000-7f2fdc000000 ---p 00000000 00:00 0 
7f2fdc000000-7f2fdc19a000 rw-p 00000000 00:00 0 
7f2fdc19a000-7f2fe0000000 ---p 00000000 00:00 0 
7f2fe0000000-7f2fe0021000 rw-p 00000000 00:00 0 
7f2fe0021000-7f2fe4000000 ---p 00000000 00:00 0 
7f2fe4000000-7f2fe4021000 rw-p 00000000 00:00 0 
7f2fe4021000-7f2fe8000000 ---p 00000000 00:00 0 
7f2fe8000000-7f2fe8021000 rw-p 00000000 00:00 0 
7f2fe8021000-7f2fec000000 ---p 00000000 00:00 0 
7f2fec000000-7f2fec021000 rw-p 00000000 00:00 0 
7f2fec021000-7f2ff0000000 ---p 00000000 00:00 0 
7f2ff0000000-7f2ff0021000 rw-p 00000000 00:00 0 
7f2ff0021000-7f2ff4000000 ---p 00000000 00:00 0 
7f2ff4000000-7f2ff4021000 rw-p 00000000 00:00 0 
7f2ff4021000-7f2ff8000000 ---p 00000000 00:00 0 
7f2ff8000000-7f2ff8021000 rw-p 00000000 00:00 0 
7f2ff8021000-7f2ffc000000 ---p 00000000 00:00 0 
7f2ffc002000-7f2ffc007000 r--s 00000000 08:02 4196996                    /home/owner/.cache/fontconfig/6d4e01799a298f00c21182434eba6f5d-le64.cache-4
7f2ffc007000-7f2ffc017000 rw-s 11f326000 00:06 357                       /dev/dri/card0
7f2ffc017000-7f2ffc018000 ---p 00000000 00:00 0 
7f2ffc018000-7f2ffc118000 rw-p 00000000 00:00 0                          [stack:3123]
7f2ffc118000-7f2ffc11b000 ---p 00000000 00:00 0 
7f2ffc11b000-7f2ffc219000 rw-p 00000000 00:00 0                          [stack:3122]
7f2ffc219000-7f2ffc21c000 ---p 00000000 00:00 0 
7f2ffc21c000-7f2ffc31a000 rw-p 00000000 00:00 0                          [stack:3121]
7f2ffc31a000-7f2ffc31d000 ---p 00000000 00:00 0 
7f2ffc31d000-7f2ffc41b000 rw-p 00000000 00:00 0                          [stack:3120]
7f2ffc41b000-7f2ffc41e000 ---p 00000000 00:00 0 
7f2ffc41e000-7f2ffc51c000 rw-p 00000000 00:00 0                          [stack:3119]
7f2ffc51c000-7f2ffc51f000 ---p 00000000 00:00 0 
7f2ffc51f000-7f2ffc61d000 rw-p 00000000 00:00 0                          [stack:3118]
7f2ffc61d000-7f2ffc7b5000 r--p 00000000 08:02 2500866                    /usr/lib/locale/locale-archive
7f2ffc7b5000-7f2ffc7b8000 ---p 00000000 00:00 0 
7f2ffc7b8000-7f2ffc8b6000 rw-p 00000000 00:00 0                          [stack:3117]
7f2ffc8b6000-7f2ffc8b9000 ---p 00000000 00:00 0 
7f2ffc8b9000-7f2ffc9b7000 rw-p 00000000 00:00 0                          [stack:3116]
7f2ffc9b7000-7f2ffc9b8000 ---p 00000000 00:00 0 
7f2ffc9b8000-7f3001000000 rw-p 00000000 00:00 0                          [stack:3115]
7f3001000000-7f30012d0000 rwxp 00000000 00:00 0 
7f30012d0000-7f3010000000 ---p 00000000 00:00 0 
7f3010000000-7f30101e1000 rw-p 00000000 00:00 0 
7f30101e1000-7f3014000000 ---p 00000000 00:00 0 
7f3014000000-7f3014002000 r--s 00000000 08:02 4592832                    /var/cache/fontconfig/699564f050ff7e0f9dae359f33bc56a5-le64.cache-4
7f3014002000-7f3014004000 r--s 00000000 08:02 4598837                    /var/cache/fontconfig/6ba42ae0000f58711b5caaf10d690066-le64.cache-4
7f3014004000-7f3014014000 rw-s 11f316000 00:06 357                       /dev/dri/card0
7f3014014000-7f30148cc000 rw-p 00000000 00:00 0 
7f30148cc000-7f3014a99000 r--s 03be5000 08:02 3409303                    /usr/lib/jvm/java-8-openjdk/jre/lib/rt.jar
7f3014a99000-7f30156f1000 rw-p 00000000 00:00 0 
7f30156f1000-7f30156f2000 ---p 00000000 00:00 0 
7f30156f2000-7f30157f2000 rw-p 00000000 00:00 0                          [stack:3114]
7f30157f2000-7f30157f3000 ---p 00000000 00:00 0 
7f30157f3000-7f30158f3000 rw-p 00000000 00:00 0                          [stack:3113]
7f30158f3000-7f30158f4000 ---p 00000000 00:00 0 
7f30158f4000-7f30159f4000 rw-p 00000000 00:00 0                          [stack:3112]
7f30159f4000-7f30159f5000 ---p 00000000 00:00 0 
7f30159f5000-7f3015b1f000 rw-p 00000000 00:00 0                          [stack:3111]
7f3015b1f000-7f3015d8c000 ---p 00000000 00:00 0 
7f3015d8c000-7f3015db6000 rw-p 00000000 00:00 0 
7f3015db6000-7f3016022000 ---p 00000000 00:00 0 
7f3016022000-7f3016038000 rw-p 00000000 00:00 0 
7f3016038000-7f301616e000 ---p 00000000 00:00 0 
7f301616e000-7f301617b000 rw-p 00000000 00:00 0 
7f301617b000-7f301652f000 ---p 00000000 00:00 0 
7f301652f000-7f3016537000 r-xp 00000000 08:02 3409713                    /usr/lib/jvm/java-8-openjdk/jre/lib/amd64/libzip.so
7f3016537000-7f3016736000 ---p 00008000 08:02 3409713                    /usr/lib/jvm/java-8-openjdk/jre/lib/amd64/libzip.so
7f3016736000-7f3016737000 rw-p 00007000 08:02 3409713                    /usr/lib/jvm/java-8-openjdk/jre/lib/amd64/libzip.so
7f3016737000-7f3016742000 r-xp 00000000 08:02 2497731                    /usr/lib/libnss_files-2.23.so
7f3016742000-7f3016941000 ---p 0000b000 08:02 2497731                    /usr/lib/libnss_files-2.23.so
7f3016941000-7f3016942000 r--p 0000a000 08:02 2497731                    /usr/lib/libnss_files-2.23.so
7f3016942000-7f3016943000 rw-p 0000b000 08:02 2497731                    /usr/lib/libnss_files-2.23.so
7f3016943000-7f3016949000 rw-p 00000000 00:00 0 
7f3016949000-7f3016975000 r-xp 00000000 08:02 3409712                    /usr/lib/jvm/java-8-openjdk/jre/lib/amd64/libjava.so
7f3016975000-7f3016b75000 ---p 0002c000 08:02 3409712                    /usr/lib/jvm/java-8-openjdk/jre/lib/amd64/libjava.so
7f3016b75000-7f3016b77000 rw-p 0002c000 08:02 3409712                    /usr/lib/jvm/java-8-openjdk/jre/lib/amd64/libjava.so
7f3016b77000-7f3016b84000 r-xp 00000000 08:02 3409702                    /usr/lib/jvm/java-8-openjdk/jre/lib/amd64/libverify.so
7f3016b84000-7f3016d83000 ---p 0000d000 08:02 3409702                    /usr/lib/jvm/java-8-openjdk/jre/lib/amd64/libverify.so
7f3016d83000-7f3016d85000 rw-p 0000c000 08:02 3409702                    /usr/lib/jvm/java-8-openjdk/jre/lib/amd64/libverify.so
7f3016d85000-7f3016d8c000 r-xp 00000000 08:02 2497739                    /usr/lib/librt-2.23.so
7f3016d8c000-7f3016f8b000 ---p 00007000 08:02 2497739                    /usr/lib/librt-2.23.so
7f3016f8b000-7f3016f8c000 r--p 00006000 08:02 2497739                    /usr/lib/librt-2.23.so
7f3016f8c000-7f3016f8d000 rw-p 00007000 08:02 2497739                    /usr/lib/librt-2.23.so
7f3016f8d000-7f3017090000 r-xp 00000000 08:02 2497736                    /usr/lib/libm-2.23.so
7f3017090000-7f3017290000 ---p 00103000 08:02 2497736                    /usr/lib/libm-2.23.so
7f3017290000-7f3017291000 r--p 00103000 08:02 2497736                    /usr/lib/libm-2.23.so
7f3017291000-7f3017292000 rw-p 00104000 08:02 2497736                    /usr/lib/libm-2.23.so
7f3017292000-7f3017ee4000 r-xp 00000000 08:02 3409737                    /usr/lib/jvm/java-8-openjdk/jre/lib/amd64/server/libjvm.so
7f3017ee4000-7f30180e4000 ---p 00c52000 08:02 3409737                    /usr/lib/jvm/java-8-openjdk/jre/lib/amd64/server/libjvm.so
7f30180e4000-7f30181a0000 rw-p 00c52000 08:02 3409737                    /usr/lib/jvm/java-8-openjdk/jre/lib/amd64/server/libjvm.so
7f30181a0000-7f30181ce000 rw-p 00000000 00:00 0 
7f30181ce000-7f3018366000 r-xp 00000000 08:02 2495492                    /usr/lib/libc-2.23.so
7f3018366000-7f3018565000 ---p 00198000 08:02 2495492                    /usr/lib/libc-2.23.so
7f3018565000-7f3018569000 r--p 00197000 08:02 2495492                    /usr/lib/libc-2.23.so
7f3018569000-7f301856b000 rw-p 0019b000 08:02 2495492                    /usr/lib/libc-2.23.so
7f301856b000-7f301856f000 rw-p 00000000 00:00 0 
7f301856f000-7f3018571000 r-xp 00000000 08:02 2497735                    /usr/lib/libdl-2.23.so
7f3018571000-7f3018771000 ---p 00002000 08:02 2497735                    /usr/lib/libdl-2.23.so
7f3018771000-7f3018772000 r--p 00002000 08:02 2497735                    /usr/lib/libdl-2.23.so
7f3018772000-7f3018773000 rw-p 00003000 08:02 2497735                    /usr/lib/libdl-2.23.so
7f3018773000-7f3018780000 r-xp 00000000 08:02 3409734                    /usr/lib/jvm/java-8-openjdk/jre/lib/amd64/jli/libjli.so
7f3018780000-7f301897f000 ---p 0000d000 08:02 3409734                    /usr/lib/jvm/java-8-openjdk/jre/lib/amd64/jli/libjli.so
7f301897f000-7f3018980000 rw-p 0000c000 08:02 3409734                    /usr/lib/jvm/java-8-openjdk/jre/lib/amd64/jli/libjli.so
7f3018980000-7f3018995000 r-xp 00000000 08:02 2496103                    /usr/lib/libz.so.1.2.8
7f3018995000-7f3018b94000 ---p 00015000 08:02 2496103                    /usr/lib/libz.so.1.2.8
7f3018b94000-7f3018b95000 r--p 00014000 08:02 2496103                    /usr/lib/libz.so.1.2.8
7f3018b95000-7f3018b96000 rw-p 00015000 08:02 2496103                    /usr/lib/libz.so.1.2.8
7f3018b96000-7f3018bae000 r-xp 00000000 08:02 2495472                    /usr/lib/libpthread-2.23.so
7f3018bae000-7f3018dad000 ---p 00018000 08:02 2495472                    /usr/lib/libpthread-2.23.so
7f3018dad000-7f3018dae000 r--p 00017000 08:02 2495472                    /usr/lib/libpthread-2.23.so
7f3018dae000-7f3018daf000 rw-p 00018000 08:02 2495472                    /usr/lib/libpthread-2.23.so
7f3018daf000-7f3018db3000 rw-p 00000000 00:00 0 
7f3018db3000-7f3018dd6000 r-xp 00000000 08:02 2495491                    /usr/lib/ld-2.23.so
7f3018dd6000-7f3018de9000 r--s 00346000 08:02 3409293                    /usr/lib/jvm/java-8-openjdk/jre/lib/resources.jar
7f3018de9000-7f3018e8d000 rw-p 00000000 00:00 0 
7f3018e8d000-7f3018e90000 ---p 00000000 00:00 0 
7f3018e90000-7f3018f92000 rw-p 00000000 00:00 0                          [stack:3110]
7f3018f92000-7f3018f93000 r--s 00000000 08:02 4589194                    /var/cache/fontconfig/f5076858525893b4b99e9c41015bccef-le64.cache-4
7f3018f93000-7f3018f95000 r--s 0001e000 08:02 2627333                    /usr/share/intellijidea-ce/lib/idea_rt.jar
7f3018f95000-7f3018f96000 r--s 00000000 08:02 3409257                    /usr/lib/jvm/java-8-openjdk/jre/lib/management-agent.jar
7f3018f96000-7f3018f9a000 r--s 00097000 08:02 3409258                    /usr/lib/jvm/java-8-openjdk/jre/lib/jsse.jar
7f3018f9a000-7f3018f9b000 r--s 00009000 08:02 3416600                    /usr/lib/jvm/java-8-openjdk/jre/lib/jfxswt.jar
7f3018f9b000-7f3018f9e000 r--s 00015000 08:02 3409255                    /usr/lib/jvm/java-8-openjdk/jre/lib/jce.jar
7f3018f9e000-7f3018fa4000 r--s 002f8000 08:02 3409259                    /usr/lib/jvm/java-8-openjdk/jre/lib/charsets.jar
7f3018fa4000-7f3018fcb000 rw-p 00000000 00:00 0 
7f3018fcb000-7f3018fd3000 rw-s 00000000 00:21 47                         /tmp/hsperfdata_owner/3109
7f3018fd3000-7f3018fd4000 rw-p 00000000 00:00 0 
7f3018fd4000-7f3018fd5000 ---p 00000000 00:00 0 
7f3018fd5000-7f3018fd6000 rw-p 00000000 00:00 0 
7f3018fd6000-7f3018fd7000 r--p 00023000 08:02 2495491                    /usr/lib/ld-2.23.so
7f3018fd7000-7f3018fd8000 rw-p 00024000 08:02 2495491                    /usr/lib/ld-2.23.so
7f3018fd8000-7f3018fd9000 rw-p 00000000 00:00 0 
7fff0f097000-7fff0f0b8000 rw-p 00000000 00:00 0                          [stack]
7fff0f194000-7fff0f196000 r--p 00000000 00:00 0                          [vvar]
7fff0f196000-7fff0f198000 r-xp 00000000 00:00 0                          [vdso]
ffffffffff600000-ffffffffff601000 r-xp 00000000 00:00 0                  [vsyscall]

VM Arguments:
jvm_args: -Didea.launcher.port=7538 -Didea.launcher.bin.path=/usr/share/intellijidea-ce/bin -Dfile.encoding=UTF-8 
java_command: com.intellij.rt.execution.application.AppMain com.develorain.application.Main
java_class_path (initial): /usr/lib/jvm/java-8-openjdk/jre/lib/charsets.jar:/usr/lib/jvm/java-8-openjdk/jre/lib/ext/cldrdata.jar:/usr/lib/jvm/java-8-openjdk/jre/lib/ext/dnsns.jar:/usr/lib/jvm/java-8-openjdk/jre/lib/ext/jaccess.jar:/usr/lib/jvm/java-8-openjdk/jre/lib/ext/jfxrt.jar:/usr/lib/jvm/java-8-openjdk/jre/lib/ext/localedata.jar:/usr/lib/jvm/java-8-openjdk/jre/lib/ext/nashorn.jar:/usr/lib/jvm/java-8-openjdk/jre/lib/ext/sunec.jar:/usr/lib/jvm/java-8-openjdk/jre/lib/ext/sunjce_provider.jar:/usr/lib/jvm/java-8-openjdk/jre/lib/ext/sunpkcs11.jar:/usr/lib/jvm/java-8-openjdk/jre/lib/ext/zipfs.jar:/usr/lib/jvm/java-8-openjdk/jre/lib/jce.jar:/usr/lib/jvm/java-8-openjdk/jre/lib/jfxswt.jar:/usr/lib/jvm/java-8-openjdk/jre/lib/jsse.jar:/usr/lib/jvm/java-8-openjdk/jre/lib/management-agent.jar:/usr/lib/jvm/java-8-openjdk/jre/lib/resources.jar:/usr/lib/jvm/java-8-openjdk/jre/lib/rt.jar:/home/owner/Desktop/VisionReliever/out/production/VisionReliever:/usr/share/intellijidea-ce/lib/idea_rt.jar
Launcher Type: SUN_STANDARD

Environment Variables:
PATH=/usr/local/sbin:/usr/local/bin:/usr/bin:/usr/lib/jvm/default/bin:/usr/bin/site_perl:/usr/bin/vendor_perl:/usr/bin/core_perl
LD_LIBRARY_PATH=.:
SHELL=/bin/bash
DISPLAY=:0

Signal Handlers:
SIGSEGV: [libjvm.so+0xa57b90], sa_mask[0]=11111111011111111101111111111110, sa_flags=SA_RESTART|SA_SIGINFO
SIGBUS: [libjvm.so+0xa57b90], sa_mask[0]=11111111011111111101111111111110, sa_flags=SA_RESTART|SA_SIGINFO
SIGFPE: [libjvm.so+0x8a40d0], sa_mask[0]=11111111011111111101111111111110, sa_flags=SA_RESTART|SA_SIGINFO
SIGPIPE: SIG_IGN, sa_mask[0]=00000000000010000000000000000000, sa_flags=SA_RESTART
SIGXFSZ: [libjvm.so+0x8a40d0], sa_mask[0]=11111111011111111101111111111110, sa_flags=SA_RESTART|SA_SIGINFO
SIGILL: [libjvm.so+0x8a40d0], sa_mask[0]=11111111011111111101111111111110, sa_flags=SA_RESTART|SA_SIGINFO
SIGUSR1: SIG_DFL, sa_mask[0]=00000000000000000000000000000000, sa_flags=none
SIGUSR2: [libjvm.so+0x8a3f80], sa_mask[0]=00100000000000000000000000000000, sa_flags=SA_RESTART|SA_SIGINFO
SIGHUP: [libjvm.so+0x8a4450], sa_mask[0]=11111111011111111101111111111110, sa_flags=SA_RESTART|SA_SIGINFO
SIGINT: [libjvm.so+0x8a4450], sa_mask[0]=11111111011111111101111111111110, sa_flags=SA_RESTART|SA_SIGINFO
SIGTERM: [libjvm.so+0x8a4450], sa_mask[0]=11111111011111111101111111111110, sa_flags=SA_RESTART|SA_SIGINFO
SIGQUIT: [libjvm.so+0x8a4450], sa_mask[0]=11111111011111111101111111111110, sa_flags=SA_RESTART|SA_SIGINFO


---------------  S Y S T E M  ---------------

OS:DISTRIB_ID=ManjaroLinux
DISTRIB_RELEASE=15.12
DISTRIB_CODENAME=Capella
DISTRIB_DESCRIPTION="Manjaro Linux"

uname:Linux 4.1.18-2-MANJARO #1 SMP PREEMPT Sat Feb 27 23:18:59 UTC 2016 x86_64
libc:glibc 2.23 NPTL 2.23 
rlimit: STACK 8192k, CORE infinity, NPROC 31749, NOFILE 4096, AS infinity
load average:1.01 0.82 0.63

/proc/meminfo:
MemTotal:        8134904 kB
MemFree:         4354572 kB
MemAvailable:    5707748 kB
Buffers:           77680 kB
Cached:          1284896 kB
SwapCached:            0 kB
Active:          2646448 kB
Inactive:         864004 kB
Active(anon):    2149228 kB
Inactive(anon):    24284 kB
Active(file):     497220 kB
Inactive(file):   839720 kB
Unevictable:          32 kB
Mlocked:              32 kB
SwapTotal:             0 kB
SwapFree:              0 kB
Dirty:              2032 kB
Writeback:             0 kB
AnonPages:       2147944 kB
Mapped:           470816 kB
Shmem:             25640 kB
Slab:              93572 kB
SReclaimable:      58728 kB
SUnreclaim:        34844 kB
KernelStack:       10128 kB
PageTables:        46652 kB
NFS_Unstable:          0 kB
Bounce:                0 kB
WritebackTmp:          0 kB
CommitLimit:     4067452 kB
Committed_AS:    6065668 kB
VmallocTotal:   34359738367 kB
VmallocUsed:      142952 kB
VmallocChunk:   34359537660 kB
HardwareCorrupted:     0 kB
AnonHugePages:    772096 kB
HugePages_Total:       0
HugePages_Free:        0
HugePages_Rsvd:        0
HugePages_Surp:        0
Hugepagesize:       2048 kB
DirectMap4k:      218548 kB
DirectMap2M:     8124416 kB


CPU:total 4 (4 cores per cpu, 1 threads per core) family 6 model 58 stepping 9, cmov, cx8, fxsr, mmx, sse, sse2, sse3, ssse3, sse4.1, sse4.2, popcnt, avx, aes, clmul, erms, tsc, tscinvbit, tscinv

/proc/cpuinfo:
processor	: 0
vendor_id	: GenuineIntel
cpu family	: 6
model		: 58
model name	: Intel(R) Core(TM) i5-3570K CPU @ 3.40GHz
stepping	: 9
microcode	: 0x1c
cpu MHz		: 3611.039
cache size	: 6144 KB
physical id	: 0
siblings	: 4
core id		: 0
cpu cores	: 4
apicid		: 0
initial apicid	: 0
fpu		: yes
fpu_exception	: yes
cpuid level	: 13
wp		: yes
flags		: fpu vme de pse tsc msr pae mce cx8 apic sep mtrr pge mca cmov pat pse36 clflush dts acpi mmx fxsr sse sse2 ss ht tm pbe syscall nx rdtscp lm constant_tsc arch_perfmon pebs bts rep_good nopl xtopology nonstop_tsc aperfmperf eagerfpu pni pclmulqdq dtes64 monitor ds_cpl vmx est tm2 ssse3 cx16 xtpr pdcm pcid sse4_1 sse4_2 popcnt tsc_deadline_timer aes xsave avx f16c rdrand lahf_lm ida arat epb pln pts dtherm tpr_shadow vnmi flexpriority ept vpid fsgsbase smep erms xsaveopt
bugs		:
bogomips	: 6787.28
clflush size	: 64
cache_alignment	: 64
address sizes	: 36 bits physical, 48 bits virtual
power management:

processor	: 1
vendor_id	: GenuineIntel
cpu family	: 6
model		: 58
model name	: Intel(R) Core(TM) i5-3570K CPU @ 3.40GHz
stepping	: 9
microcode	: 0x1c
cpu MHz		: 3599.882
cache size	: 6144 KB
physical id	: 0
siblings	: 4
core id		: 1
cpu cores	: 4
apicid		: 2
initial apicid	: 2
fpu		: yes
fpu_exception	: yes
cpuid level	: 13
wp		: yes
flags		: fpu vme de pse tsc msr pae mce cx8 apic sep mtrr pge mca cmov pat pse36 clflush dts acpi mmx fxsr sse sse2 ss ht tm pbe syscall nx rdtscp lm constant_tsc arch_perfmon pebs bts rep_good nopl xtopology nonstop_tsc aperfmperf eagerfpu pni pclmulqdq dtes64 monitor ds_cpl vmx est tm2 ssse3 cx16 xtpr pdcm pcid sse4_1 sse4_2 popcnt tsc_deadline_timer aes xsave avx f16c rdrand lahf_lm ida arat epb pln pts dtherm tpr_shadow vnmi flexpriority ept vpid fsgsbase smep erms xsaveopt
bugs		:
bogomips	: 6787.28
clflush size	: 64
cache_alignment	: 64
address sizes	: 36 bits physical, 48 bits virtual
power management:

processor	: 2
vendor_id	: GenuineIntel
cpu family	: 6
model		: 58
model name	: Intel(R) Core(TM) i5-3570K CPU @ 3.40GHz
stepping	: 9
microcode	: 0x1c
cpu MHz		: 3599.882
cache size	: 6144 KB
physical id	: 0
siblings	: 4
core id		: 2
cpu cores	: 4
apicid		: 4
initial apicid	: 4
fpu		: yes
fpu_exception	: yes
cpuid level	: 13
wp		: yes
flags		: fpu vme de pse tsc msr pae mce cx8 apic sep mtrr pge mca cmov pat pse36 clflush dts acpi mmx fxsr sse sse2 ss ht tm pbe syscall nx rdtscp lm constant_tsc arch_perfmon pebs bts rep_good nopl xtopology nonstop_tsc aperfmperf eagerfpu pni pclmulqdq dtes64 monitor ds_cpl vmx est tm2 ssse3 cx16 xtpr pdcm pcid sse4_1 sse4_2 popcnt tsc_deadline_timer aes xsave avx f16c rdrand lahf_lm ida arat epb pln pts dtherm tpr_shadow vnmi flexpriority ept vpid fsgsbase smep erms xsaveopt
bugs		:
bogomips	: 6787.28
clflush size	: 64
cache_alignment	: 64
address sizes	: 36 bits physical, 48 bits virtual
power management:

processor	: 3
vendor_id	: GenuineIntel
cpu family	: 6
model		: 58
model name	: Intel(R) Core(TM) i5-3570K CPU @ 3.40GHz
stepping	: 9
microcode	: 0x1c
cpu MHz		: 3611.039
cache size	: 6144 KB
physical id	: 0
siblings	: 4
core id		: 3
cpu cores	: 4
apicid		: 6
initial apicid	: 6
fpu		: yes
fpu_exception	: yes
cpuid level	: 13
wp		: yes
flags		: fpu vme de pse tsc msr pae mce cx8 apic sep mtrr pge mca cmov pat pse36 clflush dts acpi mmx fxsr sse sse2 ss ht tm pbe syscall nx rdtscp lm constant_tsc arch_perfmon pebs bts rep_good nopl xtopology nonstop_tsc aperfmperf eagerfpu pni pclmulqdq dtes64 monitor ds_cpl vmx est tm2 ssse3 cx16 xtpr pdcm pcid sse4_1 sse4_2 popcnt tsc_deadline_timer aes xsave avx f16c rdrand lahf_lm ida arat epb pln pts dtherm tpr_shadow vnmi flexpriority ept vpid fsgsbase smep erms xsaveopt
bugs		:
bogomips	: 6787.28
clflush size	: 64
cache_alignment	: 64
address sizes	: 36 bits physical, 48 bits virtual
power management:



Memory: 4k page, physical 8134904k(4354572k free), swap 0k(0k free)

vm_info: OpenJDK 64-Bit Server VM (25.74-b02) for linux-amd64 JRE (1.8.0_74-b02), built on Feb  8 2016 12:22:08 by "builduser" with gcc 5.3.0

time: Tue Mar  1 18:58:59 2016
elapsed time: 0 seconds (0d 0h 0m 0s)

